mode: atomic
github.com/opd-ai/toxcore/av/audio/codec.go:27.32,42.2 5 9
github.com/opd-ai/toxcore/av/audio/codec.go:56.81,63.24 2 2
github.com/opd-ai/toxcore/av/audio/codec.go:63.24,69.3 2 0
github.com/opd-ai/toxcore/av/audio/codec.go:71.2,72.16 2 2
github.com/opd-ai/toxcore/av/audio/codec.go:72.16,78.3 2 0
github.com/opd-ai/toxcore/av/audio/codec.go:80.2,87.20 2 2
github.com/opd-ai/toxcore/av/audio/codec.go:102.71,108.24 2 2
github.com/opd-ai/toxcore/av/audio/codec.go:108.24,114.3 2 0
github.com/opd-ai/toxcore/av/audio/codec.go:116.2,117.16 2 2
github.com/opd-ai/toxcore/av/audio/codec.go:117.16,123.3 2 1
github.com/opd-ai/toxcore/av/audio/codec.go:125.2,132.29 2 1
github.com/opd-ai/toxcore/av/audio/codec.go:139.54,145.24 2 1
github.com/opd-ai/toxcore/av/audio/codec.go:145.24,151.3 2 0
github.com/opd-ai/toxcore/av/audio/codec.go:153.2,154.16 2 1
github.com/opd-ai/toxcore/av/audio/codec.go:154.16,161.3 2 0
github.com/opd-ai/toxcore/av/audio/codec.go:163.2,168.12 2 1
github.com/opd-ai/toxcore/av/audio/codec.go:174.56,181.2 3 1
github.com/opd-ai/toxcore/av/audio/codec.go:186.53,193.2 3 1
github.com/opd-ai/toxcore/av/audio/codec.go:198.93,211.42 4 4
github.com/opd-ai/toxcore/av/audio/codec.go:211.42,212.34 1 17
github.com/opd-ai/toxcore/av/audio/codec.go:212.34,219.4 2 3
github.com/opd-ai/toxcore/av/audio/codec.go:222.2,231.30 2 1
github.com/opd-ai/toxcore/av/audio/codec.go:235.35,240.24 2 2
github.com/opd-ai/toxcore/av/audio/codec.go:240.24,242.17 2 2
github.com/opd-ai/toxcore/av/audio/codec.go:242.17,248.4 2 0
github.com/opd-ai/toxcore/av/audio/codec.go:249.3,251.44 1 2
github.com/opd-ai/toxcore/av/audio/codec.go:252.8,256.3 1 0
github.com/opd-ai/toxcore/av/audio/codec.go:258.2,258.12 1 2
github.com/opd-ai/toxcore/av/audio/codec.go:264.69,271.20 3 6
github.com/opd-ai/toxcore/av/audio/codec.go:272.12,273.41 1 1
github.com/opd-ai/toxcore/av/audio/codec.go:274.13,275.41 1 1
github.com/opd-ai/toxcore/av/audio/codec.go:276.13,277.39 1 1
github.com/opd-ai/toxcore/av/audio/codec.go:278.13,279.44 1 1
github.com/opd-ai/toxcore/av/audio/codec.go:280.13,281.39 1 1
github.com/opd-ai/toxcore/av/audio/codec.go:282.10,289.46 2 1
github.com/opd-ai/toxcore/av/audio/codec.go:292.2,298.18 2 6
github.com/opd-ai/toxcore/av/audio/effects.go:54.55,60.16 2 21
github.com/opd-ai/toxcore/av/audio/effects.go:60.16,67.3 2 1
github.com/opd-ai/toxcore/av/audio/effects.go:68.2,68.16 1 20
github.com/opd-ai/toxcore/av/audio/effects.go:68.16,75.3 2 1
github.com/opd-ai/toxcore/av/audio/effects.go:77.2,84.8 2 19
github.com/opd-ai/toxcore/av/audio/effects.go:98.64,105.23 2 21
github.com/opd-ai/toxcore/av/audio/effects.go:105.23,110.3 2 1
github.com/opd-ai/toxcore/av/audio/effects.go:112.2,115.33 2 20
github.com/opd-ai/toxcore/av/audio/effects.go:115.33,120.28 2 5792
github.com/opd-ai/toxcore/av/audio/effects.go:120.28,123.4 2 1882
github.com/opd-ai/toxcore/av/audio/effects.go:123.9,123.36 1 3910
github.com/opd-ai/toxcore/av/audio/effects.go:123.36,126.4 2 1882
github.com/opd-ai/toxcore/av/audio/effects.go:126.9,128.4 1 2028
github.com/opd-ai/toxcore/av/audio/effects.go:131.2,138.22 2 20
github.com/opd-ai/toxcore/av/audio/effects.go:138.22,145.3 1 11
github.com/opd-ai/toxcore/av/audio/effects.go:147.2,147.21 1 20
github.com/opd-ai/toxcore/av/audio/effects.go:151.39,153.2 1 37
github.com/opd-ai/toxcore/av/audio/effects.go:165.50,172.16 2 7
github.com/opd-ai/toxcore/av/audio/effects.go:172.16,179.3 2 1
github.com/opd-ai/toxcore/av/audio/effects.go:180.2,180.16 1 6
github.com/opd-ai/toxcore/av/audio/effects.go:180.16,187.3 2 1
github.com/opd-ai/toxcore/av/audio/effects.go:189.2,196.12 3 5
github.com/opd-ai/toxcore/av/audio/effects.go:200.40,206.2 2 9
github.com/opd-ai/toxcore/av/audio/effects.go:209.36,215.2 2 5
github.com/opd-ai/toxcore/av/audio/effects.go:244.42,265.2 3 3
github.com/opd-ai/toxcore/av/audio/effects.go:278.68,287.23 2 5
github.com/opd-ai/toxcore/av/audio/effects.go:287.23,292.3 2 1
github.com/opd-ai/toxcore/av/audio/effects.go:295.2,319.21 10 4
github.com/opd-ai/toxcore/av/audio/effects.go:324.70,326.33 2 4
github.com/opd-ai/toxcore/av/audio/effects.go:326.33,328.23 2 148
github.com/opd-ai/toxcore/av/audio/effects.go:328.23,330.4 1 38
github.com/opd-ai/toxcore/av/audio/effects.go:332.2,332.13 1 4
github.com/opd-ai/toxcore/av/audio/effects.go:337.56,338.24 1 4
github.com/opd-ai/toxcore/av/audio/effects.go:338.24,341.3 1 4
github.com/opd-ai/toxcore/av/audio/effects.go:341.8,344.3 1 0
github.com/opd-ai/toxcore/av/audio/effects.go:349.57,350.25 1 4
github.com/opd-ai/toxcore/av/audio/effects.go:350.25,352.3 1 4
github.com/opd-ai/toxcore/av/audio/effects.go:353.2,353.18 1 0
github.com/opd-ai/toxcore/av/audio/effects.go:358.76,359.29 1 4
github.com/opd-ai/toxcore/av/audio/effects.go:359.29,361.3 1 0
github.com/opd-ai/toxcore/av/audio/effects.go:361.8,361.36 1 4
github.com/opd-ai/toxcore/av/audio/effects.go:361.36,363.3 1 3
github.com/opd-ai/toxcore/av/audio/effects.go:364.2,364.20 1 1
github.com/opd-ai/toxcore/av/audio/effects.go:370.82,371.33 1 4
github.com/opd-ai/toxcore/av/audio/effects.go:371.33,374.34 2 4
github.com/opd-ai/toxcore/av/audio/effects.go:374.34,376.4 1 0
github.com/opd-ai/toxcore/av/audio/effects.go:377.8,380.34 2 0
github.com/opd-ai/toxcore/av/audio/effects.go:380.34,382.4 1 0
github.com/opd-ai/toxcore/av/audio/effects.go:388.62,389.33 1 4
github.com/opd-ai/toxcore/av/audio/effects.go:389.33,393.28 2 148
github.com/opd-ai/toxcore/av/audio/effects.go:393.28,395.4 1 5
github.com/opd-ai/toxcore/av/audio/effects.go:395.9,395.36 1 143
github.com/opd-ai/toxcore/av/audio/effects.go:395.36,397.4 1 5
github.com/opd-ai/toxcore/av/audio/effects.go:397.9,399.4 1 138
github.com/opd-ai/toxcore/av/audio/effects.go:404.43,406.2 1 4
github.com/opd-ai/toxcore/av/audio/effects.go:409.51,416.2 2 4
github.com/opd-ai/toxcore/av/audio/effects.go:425.62,432.32 2 6
github.com/opd-ai/toxcore/av/audio/effects.go:432.32,439.3 2 2
github.com/opd-ai/toxcore/av/audio/effects.go:441.2,448.12 3 4
github.com/opd-ai/toxcore/av/audio/effects.go:452.40,459.2 2 1
github.com/opd-ai/toxcore/av/audio/effects.go:478.36,486.2 2 26
github.com/opd-ai/toxcore/av/audio/effects.go:494.53,509.2 3 11
github.com/opd-ai/toxcore/av/audio/effects.go:522.65,529.25 2 30
github.com/opd-ai/toxcore/av/audio/effects.go:529.25,534.3 2 0
github.com/opd-ai/toxcore/av/audio/effects.go:536.2,538.35 2 30
github.com/opd-ai/toxcore/av/audio/effects.go:538.35,547.17 3 43
github.com/opd-ai/toxcore/av/audio/effects.go:547.17,555.4 2 0
github.com/opd-ai/toxcore/av/audio/effects.go:556.3,556.36 1 43
github.com/opd-ai/toxcore/av/audio/effects.go:559.2,566.28 2 30
github.com/opd-ai/toxcore/av/audio/effects.go:570.44,577.2 3 127
github.com/opd-ai/toxcore/av/audio/effects.go:580.49,582.35 2 1
github.com/opd-ai/toxcore/av/audio/effects.go:582.35,584.3 1 2
github.com/opd-ai/toxcore/av/audio/effects.go:586.2,592.14 2 1
github.com/opd-ai/toxcore/av/audio/effects.go:598.37,606.35 3 17
github.com/opd-ai/toxcore/av/audio/effects.go:606.35,613.40 2 7
github.com/opd-ai/toxcore/av/audio/effects.go:613.40,621.4 2 0
github.com/opd-ai/toxcore/av/audio/effects.go:624.2,626.21 2 17
github.com/opd-ai/toxcore/av/audio/effects.go:626.21,632.3 2 0
github.com/opd-ai/toxcore/av/audio/effects.go:634.2,638.12 2 17
github.com/opd-ai/toxcore/av/audio/effects.go:642.37,649.16 3 12
github.com/opd-ai/toxcore/av/audio/effects.go:649.16,654.3 1 0
github.com/opd-ai/toxcore/av/audio/effects.go:654.8,658.3 1 12
github.com/opd-ai/toxcore/av/audio/effects.go:660.2,660.12 1 12
github.com/opd-ai/toxcore/av/audio/effects.go:696.106,703.67 2 20
github.com/opd-ai/toxcore/av/audio/effects.go:703.67,705.3 1 2
github.com/opd-ai/toxcore/av/audio/effects.go:707.2,707.58 1 18
github.com/opd-ai/toxcore/av/audio/effects.go:707.58,709.3 1 3
github.com/opd-ai/toxcore/av/audio/effects.go:711.2,721.91 4 15
github.com/opd-ai/toxcore/av/audio/effects.go:724.52,725.32 1 20
github.com/opd-ai/toxcore/av/audio/effects.go:725.32,732.3 2 2
github.com/opd-ai/toxcore/av/audio/effects.go:733.2,733.12 1 18
github.com/opd-ai/toxcore/av/audio/effects.go:736.50,737.74 1 18
github.com/opd-ai/toxcore/av/audio/effects.go:737.74,744.3 2 3
github.com/opd-ai/toxcore/av/audio/effects.go:745.2,745.12 1 15
github.com/opd-ai/toxcore/av/audio/effects.go:748.51,750.33 2 15
github.com/opd-ai/toxcore/av/audio/effects.go:750.33,752.3 1 5760
github.com/opd-ai/toxcore/av/audio/effects.go:753.2,753.15 1 15
github.com/opd-ai/toxcore/av/audio/effects.go:756.130,769.2 1 15
github.com/opd-ai/toxcore/av/audio/effects.go:787.77,788.23 1 106
github.com/opd-ai/toxcore/av/audio/effects.go:788.23,790.3 1 1
github.com/opd-ai/toxcore/av/audio/effects.go:792.2,801.33 3 105
github.com/opd-ai/toxcore/av/audio/effects.go:801.33,803.3 1 53441
github.com/opd-ai/toxcore/av/audio/effects.go:806.2,810.42 3 105
github.com/opd-ai/toxcore/av/audio/effects.go:810.42,812.19 1 53441
github.com/opd-ai/toxcore/av/audio/effects.go:812.19,814.4 1 0
github.com/opd-ai/toxcore/av/audio/effects.go:814.9,814.27 1 53441
github.com/opd-ai/toxcore/av/audio/effects.go:814.27,816.4 1 0
github.com/opd-ai/toxcore/av/audio/effects.go:817.3,817.38 1 53441
github.com/opd-ai/toxcore/av/audio/effects.go:820.2,827.20 2 105
github.com/opd-ai/toxcore/av/audio/effects.go:831.83,835.51 3 105
github.com/opd-ai/toxcore/av/audio/effects.go:835.51,838.30 2 371
github.com/opd-ai/toxcore/av/audio/effects.go:838.30,840.4 1 134
github.com/opd-ai/toxcore/av/audio/effects.go:842.3,849.38 4 371
github.com/opd-ai/toxcore/av/audio/effects.go:849.38,851.28 2 109312
github.com/opd-ai/toxcore/av/audio/effects.go:851.28,853.5 1 91201
github.com/opd-ai/toxcore/av/audio/effects.go:857.2,857.15 1 105
github.com/opd-ai/toxcore/av/audio/effects.go:861.75,876.2 5 371
github.com/opd-ai/toxcore/av/audio/effects.go:879.71,882.23 2 371
github.com/opd-ai/toxcore/av/audio/effects.go:882.23,884.3 1 109312
github.com/opd-ai/toxcore/av/audio/effects.go:887.2,887.35 1 371
github.com/opd-ai/toxcore/av/audio/effects.go:887.35,888.29 1 109312
github.com/opd-ai/toxcore/av/audio/effects.go:888.29,890.4 1 109312
github.com/opd-ai/toxcore/av/audio/effects.go:890.9,892.4 1 0
github.com/opd-ai/toxcore/av/audio/effects.go:897.72,903.39 3 371
github.com/opd-ai/toxcore/av/audio/effects.go:903.39,907.3 3 55027
github.com/opd-ai/toxcore/av/audio/effects.go:909.2,909.18 1 371
github.com/opd-ai/toxcore/av/audio/effects.go:913.83,915.24 1 371
github.com/opd-ai/toxcore/av/audio/effects.go:915.24,917.32 2 93
github.com/opd-ai/toxcore/av/audio/effects.go:917.32,918.26 1 14557
github.com/opd-ai/toxcore/av/audio/effects.go:918.26,920.5 1 1739
github.com/opd-ai/toxcore/av/audio/effects.go:920.10,922.5 1 12818
github.com/opd-ai/toxcore/av/audio/effects.go:924.3,925.26 2 93
github.com/opd-ai/toxcore/av/audio/effects.go:925.26,930.4 2 9
github.com/opd-ai/toxcore/av/audio/effects.go:935.81,936.21 1 371
github.com/opd-ai/toxcore/av/audio/effects.go:936.21,938.3 1 84
github.com/opd-ai/toxcore/av/audio/effects.go:940.2,940.27 1 287
github.com/opd-ai/toxcore/av/audio/effects.go:940.27,943.3 2 41887
github.com/opd-ai/toxcore/av/audio/effects.go:947.102,952.32 4 41887
github.com/opd-ai/toxcore/av/audio/effects.go:952.32,954.3 1 24176
github.com/opd-ai/toxcore/av/audio/effects.go:955.2,955.19 1 17711
github.com/opd-ai/toxcore/av/audio/effects.go:959.107,960.20 1 41887
github.com/opd-ai/toxcore/av/audio/effects.go:960.20,962.3 1 0
github.com/opd-ai/toxcore/av/audio/effects.go:964.2,970.55 3 41887
github.com/opd-ai/toxcore/av/audio/effects.go:974.98,975.41 1 41887
github.com/opd-ai/toxcore/av/audio/effects.go:975.41,981.3 2 41313
github.com/opd-ai/toxcore/av/audio/effects.go:985.69,991.24 3 371
github.com/opd-ai/toxcore/av/audio/effects.go:991.24,993.3 1 109312
github.com/opd-ai/toxcore/av/audio/effects.go:995.2,995.15 1 371
github.com/opd-ai/toxcore/av/audio/effects.go:999.58,1001.12 2 742
github.com/opd-ai/toxcore/av/audio/effects.go:1001.12,1003.3 1 0
github.com/opd-ai/toxcore/av/audio/effects.go:1005.2,1006.28 2 742
github.com/opd-ai/toxcore/av/audio/effects.go:1010.79,1011.31 1 742
github.com/opd-ai/toxcore/av/audio/effects.go:1011.31,1012.12 1 218624
github.com/opd-ai/toxcore/av/audio/effects.go:1012.12,1014.4 1 102464
github.com/opd-ai/toxcore/av/audio/effects.go:1015.3,1015.45 1 218624
github.com/opd-ai/toxcore/av/audio/effects.go:1020.79,1022.17 2 218624
github.com/opd-ai/toxcore/av/audio/effects.go:1022.17,1025.3 2 217882
github.com/opd-ai/toxcore/av/audio/effects.go:1026.2,1026.16 1 218624
github.com/opd-ai/toxcore/av/audio/effects.go:1030.76,1031.39 1 742
github.com/opd-ai/toxcore/av/audio/effects.go:1031.39,1033.3 1 6046
github.com/opd-ai/toxcore/av/audio/effects.go:1037.83,1041.31 3 6046
github.com/opd-ai/toxcore/av/audio/effects.go:1041.31,1043.3 1 217882
github.com/opd-ai/toxcore/av/audio/effects.go:1047.108,1048.32 1 217882
github.com/opd-ai/toxcore/av/audio/effects.go:1048.32,1055.3 5 903424
github.com/opd-ai/toxcore/av/audio/effects.go:1059.59,1063.22 2 371
github.com/opd-ai/toxcore/av/audio/effects.go:1063.22,1065.3 1 109312
github.com/opd-ai/toxcore/av/audio/effects.go:1068.2,1072.22 3 371
github.com/opd-ai/toxcore/av/audio/effects.go:1072.22,1074.3 1 109312
github.com/opd-ai/toxcore/av/audio/effects.go:1078.52,1080.2 1 34
github.com/opd-ai/toxcore/av/audio/effects.go:1086.49,1103.2 8 13
github.com/opd-ai/toxcore/av/audio/processor.go:50.97,59.16 3 27
github.com/opd-ai/toxcore/av/audio/processor.go:59.16,67.3 2 0
github.com/opd-ai/toxcore/av/audio/processor.go:69.2,72.20 2 27
github.com/opd-ai/toxcore/av/audio/processor.go:73.19,74.42 1 0
github.com/opd-ai/toxcore/av/audio/processor.go:74.42,80.4 1 0
github.com/opd-ai/toxcore/av/audio/processor.go:81.20,82.42 1 27
github.com/opd-ai/toxcore/av/audio/processor.go:82.42,88.4 1 0
github.com/opd-ai/toxcore/av/audio/processor.go:91.2,105.21 3 27
github.com/opd-ai/toxcore/av/audio/processor.go:112.84,121.32 2 39
github.com/opd-ai/toxcore/av/audio/processor.go:121.32,129.3 2 1
github.com/opd-ai/toxcore/av/audio/processor.go:131.2,132.16 2 38
github.com/opd-ai/toxcore/av/audio/processor.go:132.16,138.3 2 0
github.com/opd-ai/toxcore/av/audio/processor.go:141.2,141.19 1 38
github.com/opd-ai/toxcore/av/audio/processor.go:141.19,143.17 2 29
github.com/opd-ai/toxcore/av/audio/processor.go:143.17,149.4 2 0
github.com/opd-ai/toxcore/av/audio/processor.go:152.2,152.19 1 38
github.com/opd-ai/toxcore/av/audio/processor.go:152.19,158.3 2 0
github.com/opd-ai/toxcore/av/audio/processor.go:160.2,168.20 2 38
github.com/opd-ai/toxcore/av/audio/processor.go:172.62,188.2 5 3
github.com/opd-ai/toxcore/av/audio/processor.go:191.43,203.2 3 13
github.com/opd-ai/toxcore/av/audio/processor.go:228.32,238.16 6 23
github.com/opd-ai/toxcore/av/audio/processor.go:238.16,246.3 1 0
github.com/opd-ai/toxcore/av/audio/processor.go:248.2,249.16 2 23
github.com/opd-ai/toxcore/av/audio/processor.go:249.16,257.3 1 0
github.com/opd-ai/toxcore/av/audio/processor.go:257.8,259.54 1 23
github.com/opd-ai/toxcore/av/audio/processor.go:259.54,264.4 1 0
github.com/opd-ai/toxcore/av/audio/processor.go:268.2,269.20 2 23
github.com/opd-ai/toxcore/av/audio/processor.go:269.20,271.3 1 23
github.com/opd-ai/toxcore/av/audio/processor.go:273.2,291.18 3 23
github.com/opd-ai/toxcore/av/audio/processor.go:307.85,317.55 2 38
github.com/opd-ai/toxcore/av/audio/processor.go:317.55,319.3 1 1
github.com/opd-ai/toxcore/av/audio/processor.go:322.2,323.16 2 37
github.com/opd-ai/toxcore/av/audio/processor.go:323.16,325.3 1 0
github.com/opd-ai/toxcore/av/audio/processor.go:328.2,329.16 2 37
github.com/opd-ai/toxcore/av/audio/processor.go:329.16,331.3 1 0
github.com/opd-ai/toxcore/av/audio/processor.go:334.2,335.16 2 37
github.com/opd-ai/toxcore/av/audio/processor.go:335.16,337.3 1 0
github.com/opd-ai/toxcore/av/audio/processor.go:339.2,349.20 2 37
github.com/opd-ai/toxcore/av/audio/processor.go:354.64,355.22 1 38
github.com/opd-ai/toxcore/av/audio/processor.go:355.22,361.3 2 1
github.com/opd-ai/toxcore/av/audio/processor.go:363.2,363.19 1 37
github.com/opd-ai/toxcore/av/audio/processor.go:363.19,369.3 2 0
github.com/opd-ai/toxcore/av/audio/processor.go:371.2,371.12 1 37
github.com/opd-ai/toxcore/av/audio/processor.go:376.92,377.32 1 37
github.com/opd-ai/toxcore/av/audio/processor.go:377.32,383.3 2 34
github.com/opd-ai/toxcore/av/audio/processor.go:385.2,392.59 2 3
github.com/opd-ai/toxcore/av/audio/processor.go:392.59,394.3 1 0
github.com/opd-ai/toxcore/av/audio/processor.go:397.2,403.16 3 3
github.com/opd-ai/toxcore/av/audio/processor.go:403.16,409.3 2 0
github.com/opd-ai/toxcore/av/audio/processor.go:411.2,417.26 2 3
github.com/opd-ai/toxcore/av/audio/processor.go:422.67,423.68 1 3
github.com/opd-ai/toxcore/av/audio/processor.go:423.68,425.3 1 0
github.com/opd-ai/toxcore/av/audio/processor.go:428.2,443.16 4 3
github.com/opd-ai/toxcore/av/audio/processor.go:443.16,449.3 2 0
github.com/opd-ai/toxcore/av/audio/processor.go:452.2,452.24 1 3
github.com/opd-ai/toxcore/av/audio/processor.go:452.24,457.3 2 1
github.com/opd-ai/toxcore/av/audio/processor.go:458.2,460.12 2 3
github.com/opd-ai/toxcore/av/audio/processor.go:465.69,466.65 1 37
github.com/opd-ai/toxcore/av/audio/processor.go:466.65,471.3 2 8
github.com/opd-ai/toxcore/av/audio/processor.go:473.2,480.16 3 29
github.com/opd-ai/toxcore/av/audio/processor.go:480.16,486.3 2 0
github.com/opd-ai/toxcore/av/audio/processor.go:488.2,494.24 2 29
github.com/opd-ai/toxcore/av/audio/processor.go:499.71,507.16 3 37
github.com/opd-ai/toxcore/av/audio/processor.go:507.16,513.3 2 0
github.com/opd-ai/toxcore/av/audio/processor.go:515.2,515.20 1 37
github.com/opd-ai/toxcore/av/audio/processor.go:531.75,537.53 2 5
github.com/opd-ai/toxcore/av/audio/processor.go:537.53,539.3 1 2
github.com/opd-ai/toxcore/av/audio/processor.go:541.2,542.16 2 3
github.com/opd-ai/toxcore/av/audio/processor.go:542.16,544.3 1 1
github.com/opd-ai/toxcore/av/audio/processor.go:546.2,553.31 2 2
github.com/opd-ai/toxcore/av/audio/processor.go:557.61,558.20 1 5
github.com/opd-ai/toxcore/av/audio/processor.go:558.20,564.3 2 2
github.com/opd-ai/toxcore/av/audio/processor.go:566.2,566.22 1 3
github.com/opd-ai/toxcore/av/audio/processor.go:566.22,572.3 2 0
github.com/opd-ai/toxcore/av/audio/processor.go:574.2,574.12 1 3
github.com/opd-ai/toxcore/av/audio/processor.go:578.66,594.16 5 3
github.com/opd-ai/toxcore/av/audio/processor.go:594.16,600.3 2 1
github.com/opd-ai/toxcore/av/audio/processor.go:603.2,603.18 1 2
github.com/opd-ai/toxcore/av/audio/processor.go:603.18,605.3 1 2
github.com/opd-ai/toxcore/av/audio/processor.go:607.2,613.17 2 2
github.com/opd-ai/toxcore/av/audio/processor.go:626.54,633.22 2 3
github.com/opd-ai/toxcore/av/audio/processor.go:633.22,639.3 2 1
github.com/opd-ai/toxcore/av/audio/processor.go:641.2,646.54 2 2
github.com/opd-ai/toxcore/av/audio/processor.go:646.54,653.3 2 0
github.com/opd-ai/toxcore/av/audio/processor.go:655.2,662.12 3 2
github.com/opd-ai/toxcore/av/audio/processor.go:668.35,675.21 3 13
github.com/opd-ai/toxcore/av/audio/processor.go:675.21,682.3 2 0
github.com/opd-ai/toxcore/av/audio/processor.go:684.2,688.12 2 13
github.com/opd-ai/toxcore/av/audio/processor.go:692.50,695.41 2 13
github.com/opd-ai/toxcore/av/audio/processor.go:695.41,697.3 1 0
github.com/opd-ai/toxcore/av/audio/processor.go:699.2,699.41 1 13
github.com/opd-ai/toxcore/av/audio/processor.go:699.41,701.3 1 0
github.com/opd-ai/toxcore/av/audio/processor.go:703.2,703.43 1 13
github.com/opd-ai/toxcore/av/audio/processor.go:703.43,705.3 1 0
github.com/opd-ai/toxcore/av/audio/processor.go:707.2,707.45 1 13
github.com/opd-ai/toxcore/av/audio/processor.go:707.45,709.3 1 0
github.com/opd-ai/toxcore/av/audio/processor.go:711.2,711.15 1 13
github.com/opd-ai/toxcore/av/audio/processor.go:715.42,716.22 1 13
github.com/opd-ai/toxcore/av/audio/processor.go:716.22,718.3 1 1
github.com/opd-ai/toxcore/av/audio/processor.go:720.2,732.12 4 12
github.com/opd-ai/toxcore/av/audio/processor.go:736.42,737.22 1 13
github.com/opd-ai/toxcore/av/audio/processor.go:737.22,739.3 1 1
github.com/opd-ai/toxcore/av/audio/processor.go:741.2,745.42 2 12
github.com/opd-ai/toxcore/av/audio/processor.go:745.42,751.3 2 0
github.com/opd-ai/toxcore/av/audio/processor.go:753.2,757.12 2 12
github.com/opd-ai/toxcore/av/audio/processor.go:761.44,762.24 1 13
github.com/opd-ai/toxcore/av/audio/processor.go:762.24,764.3 1 11
github.com/opd-ai/toxcore/av/audio/processor.go:766.2,770.44 2 2
github.com/opd-ai/toxcore/av/audio/processor.go:770.44,776.3 2 0
github.com/opd-ai/toxcore/av/audio/processor.go:778.2,782.12 2 2
github.com/opd-ai/toxcore/av/audio/processor.go:786.46,787.26 1 13
github.com/opd-ai/toxcore/av/audio/processor.go:787.26,789.3 1 1
github.com/opd-ai/toxcore/av/audio/processor.go:791.2,796.46 2 12
github.com/opd-ai/toxcore/av/audio/processor.go:796.46,802.3 2 0
github.com/opd-ai/toxcore/av/audio/processor.go:804.2,808.12 2 12
github.com/opd-ai/toxcore/av/audio/processor.go:819.51,825.26 2 3
github.com/opd-ai/toxcore/av/audio/processor.go:825.26,831.3 2 3
github.com/opd-ai/toxcore/av/audio/processor.go:831.8,836.3 1 0
github.com/opd-ai/toxcore/av/audio/processor.go:843.51,847.30 1 1
github.com/opd-ai/toxcore/av/audio/processor.go:847.30,848.28 1 1
github.com/opd-ai/toxcore/av/audio/processor.go:848.28,850.5 1 1
github.com/opd-ai/toxcore/av/audio/processor.go:850.10,852.5 1 0
github.com/opd-ai/toxcore/av/audio/processor.go:856.2,856.22 1 1
github.com/opd-ai/toxcore/av/audio/processor.go:870.49,876.26 2 2
github.com/opd-ai/toxcore/av/audio/processor.go:876.26,882.3 2 0
github.com/opd-ai/toxcore/av/audio/processor.go:885.2,891.16 3 2
github.com/opd-ai/toxcore/av/audio/processor.go:891.16,898.3 2 0
github.com/opd-ai/toxcore/av/audio/processor.go:902.2,906.46 2 2
github.com/opd-ai/toxcore/av/audio/processor.go:906.46,912.3 2 0
github.com/opd-ai/toxcore/av/audio/processor.go:914.2,921.12 3 2
github.com/opd-ai/toxcore/av/audio/processor.go:931.44,936.26 2 1
github.com/opd-ai/toxcore/av/audio/processor.go:936.26,942.3 2 0
github.com/opd-ai/toxcore/av/audio/processor.go:945.2,949.46 2 1
github.com/opd-ai/toxcore/av/audio/processor.go:949.46,955.3 2 0
github.com/opd-ai/toxcore/av/audio/processor.go:958.2,969.12 5 1
github.com/opd-ai/toxcore/av/audio/processor.go:976.44,981.26 2 1
github.com/opd-ai/toxcore/av/audio/processor.go:981.26,986.3 2 0
github.com/opd-ai/toxcore/av/audio/processor.go:988.2,994.16 3 1
github.com/opd-ai/toxcore/av/audio/processor.go:994.16,1000.3 2 0
github.com/opd-ai/toxcore/av/audio/processor.go:1002.2,1006.12 2 1
github.com/opd-ai/toxcore/av/audio/resampler.go:48.63,51.56 2 28
github.com/opd-ai/toxcore/av/audio/resampler.go:51.56,53.3 1 6
github.com/opd-ai/toxcore/av/audio/resampler.go:55.2,59.23 4 22
github.com/opd-ai/toxcore/av/audio/resampler.go:63.51,71.2 1 28
github.com/opd-ai/toxcore/av/audio/resampler.go:74.60,75.53 1 28
github.com/opd-ai/toxcore/av/audio/resampler.go:75.53,83.3 2 2
github.com/opd-ai/toxcore/av/audio/resampler.go:85.2,85.48 1 26
github.com/opd-ai/toxcore/av/audio/resampler.go:85.48,92.3 2 2
github.com/opd-ai/toxcore/av/audio/resampler.go:94.2,94.72 1 24
github.com/opd-ai/toxcore/av/audio/resampler.go:94.72,102.3 2 2
github.com/opd-ai/toxcore/av/audio/resampler.go:104.2,104.12 1 22
github.com/opd-ai/toxcore/av/audio/resampler.go:108.49,109.18 1 22
github.com/opd-ai/toxcore/av/audio/resampler.go:109.18,115.3 2 1
github.com/opd-ai/toxcore/av/audio/resampler.go:116.2,116.16 1 22
github.com/opd-ai/toxcore/av/audio/resampler.go:120.77,129.2 1 22
github.com/opd-ai/toxcore/av/audio/resampler.go:132.72,141.2 1 22
github.com/opd-ai/toxcore/av/audio/resampler.go:154.64,161.21 2 12
github.com/opd-ai/toxcore/av/audio/resampler.go:161.21,167.3 2 1
github.com/opd-ai/toxcore/av/audio/resampler.go:170.2,170.30 1 11
github.com/opd-ai/toxcore/av/audio/resampler.go:170.30,179.3 2 1
github.com/opd-ai/toxcore/av/audio/resampler.go:181.2,188.12 2 10
github.com/opd-ai/toxcore/av/audio/resampler.go:202.92,210.29 2 10
github.com/opd-ai/toxcore/av/audio/resampler.go:210.29,223.3 4 1
github.com/opd-ai/toxcore/av/audio/resampler.go:225.2,232.19 2 9
github.com/opd-ai/toxcore/av/audio/resampler.go:251.127,252.20 1 3268
github.com/opd-ai/toxcore/av/audio/resampler.go:252.20,254.3 1 0
github.com/opd-ai/toxcore/av/audio/resampler.go:255.2,255.33 1 3268
github.com/opd-ai/toxcore/av/audio/resampler.go:255.33,257.3 1 14
github.com/opd-ai/toxcore/av/audio/resampler.go:258.2,258.74 1 3254
github.com/opd-ai/toxcore/av/audio/resampler.go:262.75,263.27 1 0
github.com/opd-ai/toxcore/av/audio/resampler.go:263.27,273.3 3 0
github.com/opd-ai/toxcore/av/audio/resampler.go:274.2,274.10 1 0
github.com/opd-ai/toxcore/av/audio/resampler.go:278.95,279.30 1 14
github.com/opd-ai/toxcore/av/audio/resampler.go:279.30,289.3 3 14
github.com/opd-ai/toxcore/av/audio/resampler.go:290.2,290.21 1 0
github.com/opd-ai/toxcore/av/audio/resampler.go:290.21,300.3 3 0
github.com/opd-ai/toxcore/av/audio/resampler.go:301.2,301.10 1 0
github.com/opd-ai/toxcore/av/audio/resampler.go:305.102,322.2 6 3254
github.com/opd-ai/toxcore/av/audio/resampler.go:333.73,347.30 4 9
github.com/opd-ai/toxcore/av/audio/resampler.go:347.30,355.3 2 9
github.com/opd-ai/toxcore/av/audio/resampler.go:355.8,362.3 1 0
github.com/opd-ai/toxcore/av/audio/resampler.go:376.62,386.66 2 12
github.com/opd-ai/toxcore/av/audio/resampler.go:386.66,392.3 2 2
github.com/opd-ai/toxcore/av/audio/resampler.go:394.2,394.92 1 10
github.com/opd-ai/toxcore/av/audio/resampler.go:394.92,402.3 2 1
github.com/opd-ai/toxcore/av/audio/resampler.go:404.2,416.20 3 9
github.com/opd-ai/toxcore/av/audio/resampler.go:420.71,434.66 6 9
github.com/opd-ai/toxcore/av/audio/resampler.go:434.66,436.3 1 3264
github.com/opd-ai/toxcore/av/audio/resampler.go:438.2,439.15 2 9
github.com/opd-ai/toxcore/av/audio/resampler.go:443.142,448.37 4 3264
github.com/opd-ai/toxcore/av/audio/resampler.go:448.37,451.3 2 3268
github.com/opd-ai/toxcore/av/audio/resampler.go:453.2,455.49 2 3264
github.com/opd-ai/toxcore/av/audio/resampler.go:455.49,462.3 1 0
github.com/opd-ai/toxcore/av/audio/resampler.go:466.43,472.2 2 10
github.com/opd-ai/toxcore/av/audio/resampler.go:475.44,481.2 2 7
github.com/opd-ai/toxcore/av/audio/resampler.go:484.39,490.2 2 6
github.com/opd-ai/toxcore/av/audio/resampler.go:493.38,499.2 2 2
github.com/opd-ai/toxcore/av/audio/resampler.go:511.60,519.33 2 4
github.com/opd-ai/toxcore/av/audio/resampler.go:519.33,527.3 2 1
github.com/opd-ai/toxcore/av/audio/resampler.go:530.2,540.19 4 3
github.com/opd-ai/toxcore/av/audio/resampler.go:547.35,556.31 3 1
github.com/opd-ai/toxcore/av/audio/resampler.go:556.31,558.3 1 1
github.com/opd-ai/toxcore/av/audio/resampler.go:560.2,566.12 2 1
github.com/opd-ai/toxcore/av/audio/resampler.go:572.35,586.2 3 4
github.com/opd-ai/toxcore/av/audio/resampler.go:591.68,604.2 2 1
github.com/opd-ai/toxcore/av/audio/resampler.go:607.61,620.2 2 1
github.com/opd-ai/toxcore/av/audio/resampler.go:623.67,636.2 2 1
github.com/opd-ai/toxcore/av/audio/resampler.go:639.86,653.2 2 1
github.com/opd-ai/toxcore/av/adaptation.go:41.42,42.12 1 96
github.com/opd-ai/toxcore/av/adaptation.go:43.24,44.21 1 18
github.com/opd-ai/toxcore/av/adaptation.go:45.19,46.16 1 31
github.com/opd-ai/toxcore/av/adaptation.go:47.19,48.16 1 6
github.com/opd-ai/toxcore/av/adaptation.go:49.19,50.16 1 40
github.com/opd-ai/toxcore/av/adaptation.go:51.10,52.19 1 1
github.com/opd-ai/toxcore/av/adaptation.go:92.50,120.2 1 21
github.com/opd-ai/toxcore/av/adaptation.go:166.115,167.19 1 21
github.com/opd-ai/toxcore/av/adaptation.go:167.19,169.3 1 1
github.com/opd-ai/toxcore/av/adaptation.go:171.2,194.16 4 21
github.com/opd-ai/toxcore/av/adaptation.go:210.3,224.2 6 3
github.com/opd-ai/toxcore/av/adaptation.go:241.153,252.61 7 8
github.com/opd-ai/toxcore/av/adaptation.go:252.61,254.3 1 6
github.com/opd-ai/toxcore/av/adaptation.go:256.2,256.52 1 8
github.com/opd-ai/toxcore/av/adaptation.go:260.121,268.2 1 8
github.com/opd-ai/toxcore/av/adaptation.go:271.88,272.21 1 8
github.com/opd-ai/toxcore/av/adaptation.go:272.21,274.3 1 8
github.com/opd-ai/toxcore/av/adaptation.go:275.2,275.10 1 0
github.com/opd-ai/toxcore/av/adaptation.go:279.75,281.32 2 8
github.com/opd-ai/toxcore/av/adaptation.go:281.32,283.3 1 0
github.com/opd-ai/toxcore/av/adaptation.go:287.122,289.21 2 8
github.com/opd-ai/toxcore/av/adaptation.go:289.21,291.3 1 2
github.com/opd-ai/toxcore/av/adaptation.go:293.2,301.25 2 6
github.com/opd-ai/toxcore/av/adaptation.go:301.25,303.3 1 1
github.com/opd-ai/toxcore/av/adaptation.go:305.2,305.13 1 6
github.com/opd-ai/toxcore/av/adaptation.go:309.107,310.32 1 8
github.com/opd-ai/toxcore/av/adaptation.go:310.32,317.3 3 4
github.com/opd-ai/toxcore/av/adaptation.go:319.2,322.18 3 4
github.com/opd-ai/toxcore/av/adaptation.go:322.18,329.3 2 0
github.com/opd-ai/toxcore/av/adaptation.go:331.2,332.13 2 4
github.com/opd-ai/toxcore/av/adaptation.go:332.13,342.3 3 4
github.com/opd-ai/toxcore/av/adaptation.go:344.2,344.21 1 4
github.com/opd-ai/toxcore/av/adaptation.go:351.106,360.9 3 14
github.com/opd-ai/toxcore/av/adaptation.go:361.50,362.30 1 8
github.com/opd-ai/toxcore/av/adaptation.go:363.50,364.30 1 1
github.com/opd-ai/toxcore/av/adaptation.go:365.50,366.30 1 1
github.com/opd-ai/toxcore/av/adaptation.go:367.10,368.35 1 4
github.com/opd-ai/toxcore/av/adaptation.go:372.2,373.9 2 14
github.com/opd-ai/toxcore/av/adaptation.go:374.47,375.32 1 8
github.com/opd-ai/toxcore/av/adaptation.go:376.47,377.32 1 1
github.com/opd-ai/toxcore/av/adaptation.go:378.47,379.32 1 1
github.com/opd-ai/toxcore/av/adaptation.go:380.10,381.37 1 4
github.com/opd-ai/toxcore/av/adaptation.go:385.2,386.36 2 14
github.com/opd-ai/toxcore/av/adaptation.go:386.36,388.3 1 1
github.com/opd-ai/toxcore/av/adaptation.go:390.2,397.21 2 14
github.com/opd-ai/toxcore/av/adaptation.go:405.100,406.17 1 4
github.com/opd-ai/toxcore/av/adaptation.go:407.19,408.33 1 3
github.com/opd-ai/toxcore/av/adaptation.go:409.19,410.28 1 0
github.com/opd-ai/toxcore/av/adaptation.go:411.37,412.40 1 1
github.com/opd-ai/toxcore/av/adaptation.go:412.40,414.4 1 1
github.com/opd-ai/toxcore/av/adaptation.go:419.126,423.46 3 4
github.com/opd-ai/toxcore/av/adaptation.go:423.46,425.3 1 1
github.com/opd-ai/toxcore/av/adaptation.go:426.2,426.46 1 4
github.com/opd-ai/toxcore/av/adaptation.go:426.46,428.3 1 1
github.com/opd-ai/toxcore/av/adaptation.go:430.2,430.35 1 4
github.com/opd-ai/toxcore/av/adaptation.go:433.91,449.13 7 4
github.com/opd-ai/toxcore/av/adaptation.go:449.13,457.3 1 4
github.com/opd-ai/toxcore/av/adaptation.go:459.2,459.16 1 4
github.com/opd-ai/toxcore/av/adaptation.go:463.65,471.49 4 5
github.com/opd-ai/toxcore/av/adaptation.go:471.49,473.3 1 1
github.com/opd-ai/toxcore/av/adaptation.go:474.2,474.49 1 5
github.com/opd-ai/toxcore/av/adaptation.go:474.49,476.3 1 1
github.com/opd-ai/toxcore/av/adaptation.go:478.2,486.59 3 5
github.com/opd-ai/toxcore/av/adaptation.go:490.50,494.49 2 2
github.com/opd-ai/toxcore/av/adaptation.go:494.49,496.3 1 1
github.com/opd-ai/toxcore/av/adaptation.go:498.2,505.53 2 2
github.com/opd-ai/toxcore/av/adaptation.go:509.46,515.49 3 3
github.com/opd-ai/toxcore/av/adaptation.go:515.49,517.3 1 1
github.com/opd-ai/toxcore/av/adaptation.go:518.2,518.49 1 3
github.com/opd-ai/toxcore/av/adaptation.go:518.49,520.3 1 1
github.com/opd-ai/toxcore/av/adaptation.go:522.2,530.59 3 3
github.com/opd-ai/toxcore/av/adaptation.go:537.73,538.30 1 4
github.com/opd-ai/toxcore/av/adaptation.go:538.30,540.3 1 1
github.com/opd-ai/toxcore/av/adaptation.go:542.2,552.20 4 3
github.com/opd-ai/toxcore/av/adaptation.go:556.83,557.30 1 12
github.com/opd-ai/toxcore/av/adaptation.go:557.30,559.3 1 1
github.com/opd-ai/toxcore/av/adaptation.go:561.2,562.29 2 11
github.com/opd-ai/toxcore/av/adaptation.go:562.29,564.3 1 4
github.com/opd-ai/toxcore/av/adaptation.go:564.8,566.3 1 7
github.com/opd-ai/toxcore/av/adaptation.go:568.2,568.45 1 11
github.com/opd-ai/toxcore/av/adaptation.go:572.70,577.2 3 14
github.com/opd-ai/toxcore/av/adaptation.go:580.62,585.2 3 8
github.com/opd-ai/toxcore/av/adaptation.go:589.60,593.2 3 0
github.com/opd-ai/toxcore/av/adaptation.go:596.58,597.28 1 0
github.com/opd-ai/toxcore/av/adaptation.go:597.28,599.3 1 0
github.com/opd-ai/toxcore/av/adaptation.go:600.2,600.30 1 0
github.com/opd-ai/toxcore/av/adaptation.go:604.99,609.2 3 2
github.com/opd-ai/toxcore/av/manager.go:94.115,99.22 2 42
github.com/opd-ai/toxcore/av/manager.go:99.22,105.3 2 1
github.com/opd-ai/toxcore/av/manager.go:106.2,106.32 1 41
github.com/opd-ai/toxcore/av/manager.go:106.32,112.3 2 1
github.com/opd-ai/toxcore/av/manager.go:114.2,139.21 5 40
github.com/opd-ai/toxcore/av/manager.go:144.44,158.54 3 40
github.com/opd-ai/toxcore/av/manager.go:158.54,164.3 1 160
github.com/opd-ai/toxcore/av/manager.go:166.2,176.58 7 40
github.com/opd-ai/toxcore/av/manager.go:186.90,190.48 3 2
github.com/opd-ai/toxcore/av/manager.go:190.48,198.3 2 0
github.com/opd-ai/toxcore/av/manager.go:200.2,208.34 8 2
github.com/opd-ai/toxcore/av/manager.go:208.34,210.3 1 2
github.com/opd-ai/toxcore/av/manager.go:212.2,223.27 3 2
github.com/opd-ai/toxcore/av/manager.go:223.27,229.3 2 1
github.com/opd-ai/toxcore/av/manager.go:229.8,232.3 1 1
github.com/opd-ai/toxcore/av/manager.go:234.2,234.12 1 2
github.com/opd-ai/toxcore/av/manager.go:237.62,245.16 3 2
github.com/opd-ai/toxcore/av/manager.go:245.16,251.3 2 0
github.com/opd-ai/toxcore/av/manager.go:253.2,263.23 3 2
github.com/opd-ai/toxcore/av/manager.go:263.23,269.3 2 0
github.com/opd-ai/toxcore/av/manager.go:271.2,277.49 2 2
github.com/opd-ai/toxcore/av/manager.go:286.101,304.2 7 0
github.com/opd-ai/toxcore/av/manager.go:307.72,311.2 3 0
github.com/opd-ai/toxcore/av/manager.go:313.63,321.16 3 0
github.com/opd-ai/toxcore/av/manager.go:321.16,323.3 1 0
github.com/opd-ai/toxcore/av/manager.go:325.2,326.16 2 0
github.com/opd-ai/toxcore/av/manager.go:326.16,328.3 1 0
github.com/opd-ai/toxcore/av/manager.go:330.2,330.19 1 0
github.com/opd-ai/toxcore/av/manager.go:330.19,332.3 1 0
github.com/opd-ai/toxcore/av/manager.go:332.8,334.3 1 0
github.com/opd-ai/toxcore/av/manager.go:336.2,336.12 1 0
github.com/opd-ai/toxcore/av/manager.go:340.87,342.16 2 0
github.com/opd-ai/toxcore/av/manager.go:342.16,348.3 2 0
github.com/opd-ai/toxcore/av/manager.go:350.2,358.18 2 0
github.com/opd-ai/toxcore/av/manager.go:362.102,364.23 2 0
github.com/opd-ai/toxcore/av/manager.go:364.23,370.3 2 0
github.com/opd-ai/toxcore/av/manager.go:372.2,383.43 5 0
github.com/opd-ai/toxcore/av/manager.go:383.43,385.13 2 0
github.com/opd-ai/toxcore/av/manager.go:385.13,387.4 1 0
github.com/opd-ai/toxcore/av/manager.go:388.3,396.62 2 0
github.com/opd-ai/toxcore/av/manager.go:399.2,399.32 1 0
github.com/opd-ai/toxcore/av/manager.go:405.139,407.23 2 2
github.com/opd-ai/toxcore/av/manager.go:407.23,409.3 1 0
github.com/opd-ai/toxcore/av/manager.go:411.2,415.38 4 2
github.com/opd-ai/toxcore/av/manager.go:415.38,417.3 1 0
github.com/opd-ai/toxcore/av/manager.go:419.2,419.31 1 2
github.com/opd-ai/toxcore/av/manager.go:427.62,429.16 2 2
github.com/opd-ai/toxcore/av/manager.go:429.16,431.3 1 0
github.com/opd-ai/toxcore/av/manager.go:433.2,433.108 1 2
github.com/opd-ai/toxcore/av/manager.go:433.108,434.27 1 2
github.com/opd-ai/toxcore/av/manager.go:435.26,438.61 3 0
github.com/opd-ai/toxcore/av/manager.go:440.25,442.58 2 1
github.com/opd-ai/toxcore/av/manager.go:444.26,446.59 2 1
github.com/opd-ai/toxcore/av/manager.go:448.29,450.61 1 0
github.com/opd-ai/toxcore/av/manager.go:452.31,454.63 1 0
github.com/opd-ai/toxcore/av/manager.go:456.29,458.59 1 0
github.com/opd-ai/toxcore/av/manager.go:460.29,462.62 1 0
github.com/opd-ai/toxcore/av/manager.go:464.11,465.82 1 0
github.com/opd-ai/toxcore/av/manager.go:468.3,468.13 1 2
github.com/opd-ai/toxcore/av/manager.go:477.65,479.16 2 0
github.com/opd-ai/toxcore/av/manager.go:479.16,481.3 1 0
github.com/opd-ai/toxcore/av/manager.go:483.2,483.111 1 0
github.com/opd-ai/toxcore/av/manager.go:483.111,491.3 4 0
github.com/opd-ai/toxcore/av/manager.go:497.61,504.16 3 4
github.com/opd-ai/toxcore/av/manager.go:504.16,506.3 1 2
github.com/opd-ai/toxcore/av/manager.go:508.2,510.51 2 2
github.com/opd-ai/toxcore/av/manager.go:510.51,512.3 1 2
github.com/opd-ai/toxcore/av/manager.go:514.2,514.54 1 0
github.com/opd-ai/toxcore/av/manager.go:518.78,520.23 2 4
github.com/opd-ai/toxcore/av/manager.go:520.23,526.3 2 1
github.com/opd-ai/toxcore/av/manager.go:528.2,532.13 4 3
github.com/opd-ai/toxcore/av/manager.go:532.13,539.3 2 1
github.com/opd-ai/toxcore/av/manager.go:541.2,541.32 1 2
github.com/opd-ai/toxcore/av/manager.go:545.80,546.63 1 2
github.com/opd-ai/toxcore/av/manager.go:546.63,554.3 2 2
github.com/opd-ai/toxcore/av/manager.go:555.2,555.13 1 0
github.com/opd-ai/toxcore/av/manager.go:559.89,561.16 2 0
github.com/opd-ai/toxcore/av/manager.go:561.16,563.3 1 0
github.com/opd-ai/toxcore/av/manager.go:565.2,565.22 1 0
github.com/opd-ai/toxcore/av/manager.go:565.22,567.3 1 0
github.com/opd-ai/toxcore/av/manager.go:569.2,570.16 2 0
github.com/opd-ai/toxcore/av/manager.go:570.16,572.3 1 0
github.com/opd-ai/toxcore/av/manager.go:574.2,575.12 2 0
github.com/opd-ai/toxcore/av/manager.go:579.103,581.16 2 0
github.com/opd-ai/toxcore/av/manager.go:581.16,588.3 2 0
github.com/opd-ai/toxcore/av/manager.go:590.2,590.22 1 0
github.com/opd-ai/toxcore/av/manager.go:590.22,595.3 1 0
github.com/opd-ai/toxcore/av/manager.go:597.2,597.23 1 0
github.com/opd-ai/toxcore/av/manager.go:601.112,604.16 3 0
github.com/opd-ai/toxcore/av/manager.go:604.16,611.3 2 0
github.com/opd-ai/toxcore/av/manager.go:613.2,620.36 2 0
github.com/opd-ai/toxcore/av/manager.go:624.107,629.26 4 0
github.com/opd-ai/toxcore/av/manager.go:629.26,631.3 1 0
github.com/opd-ai/toxcore/av/manager.go:633.2,648.48 4 0
github.com/opd-ai/toxcore/av/manager.go:654.61,661.16 3 4
github.com/opd-ai/toxcore/av/manager.go:661.16,663.3 1 2
github.com/opd-ai/toxcore/av/manager.go:665.2,667.51 2 2
github.com/opd-ai/toxcore/av/manager.go:667.51,669.3 1 2
github.com/opd-ai/toxcore/av/manager.go:671.2,671.54 1 0
github.com/opd-ai/toxcore/av/manager.go:675.78,677.23 2 4
github.com/opd-ai/toxcore/av/manager.go:677.23,683.3 2 1
github.com/opd-ai/toxcore/av/manager.go:685.2,689.13 4 3
github.com/opd-ai/toxcore/av/manager.go:689.13,696.3 2 1
github.com/opd-ai/toxcore/av/manager.go:698.2,698.32 1 2
github.com/opd-ai/toxcore/av/manager.go:702.80,703.63 1 2
github.com/opd-ai/toxcore/av/manager.go:703.63,711.3 2 2
github.com/opd-ai/toxcore/av/manager.go:712.2,712.13 1 0
github.com/opd-ai/toxcore/av/manager.go:716.89,718.16 2 0
github.com/opd-ai/toxcore/av/manager.go:718.16,720.3 1 0
github.com/opd-ai/toxcore/av/manager.go:722.2,722.22 1 0
github.com/opd-ai/toxcore/av/manager.go:722.22,724.3 1 0
github.com/opd-ai/toxcore/av/manager.go:726.2,727.16 2 0
github.com/opd-ai/toxcore/av/manager.go:727.16,729.3 1 0
github.com/opd-ai/toxcore/av/manager.go:731.2,732.12 2 0
github.com/opd-ai/toxcore/av/manager.go:736.103,738.16 2 0
github.com/opd-ai/toxcore/av/manager.go:738.16,745.3 2 0
github.com/opd-ai/toxcore/av/manager.go:747.2,747.22 1 0
github.com/opd-ai/toxcore/av/manager.go:747.22,752.3 1 0
github.com/opd-ai/toxcore/av/manager.go:754.2,754.23 1 0
github.com/opd-ai/toxcore/av/manager.go:758.114,761.16 3 0
github.com/opd-ai/toxcore/av/manager.go:761.16,768.3 2 0
github.com/opd-ai/toxcore/av/manager.go:770.2,777.26 2 0
github.com/opd-ai/toxcore/av/manager.go:781.100,786.26 4 0
github.com/opd-ai/toxcore/av/manager.go:786.26,788.3 1 0
github.com/opd-ai/toxcore/av/manager.go:790.2,807.3 2 0
github.com/opd-ai/toxcore/av/manager.go:813.59,815.34 1 12
github.com/opd-ai/toxcore/av/manager.go:815.34,817.17 2 0
github.com/opd-ai/toxcore/av/manager.go:817.17,823.4 2 0
github.com/opd-ai/toxcore/av/manager.go:824.3,824.22 1 0
github.com/opd-ai/toxcore/av/manager.go:829.2,829.20 1 12
github.com/opd-ai/toxcore/av/manager.go:829.20,832.3 1 12
github.com/opd-ai/toxcore/av/manager.go:833.2,833.10 1 0
github.com/opd-ai/toxcore/av/manager.go:838.84,842.2 3 0
github.com/opd-ai/toxcore/av/manager.go:845.50,846.27 1 60
github.com/opd-ai/toxcore/av/manager.go:846.27,848.3 1 0
github.com/opd-ai/toxcore/av/manager.go:849.2,849.23 1 60
github.com/opd-ai/toxcore/av/manager.go:854.52,857.15 3 5
github.com/opd-ai/toxcore/av/manager.go:857.15,859.3 1 1
github.com/opd-ai/toxcore/av/manager.go:860.2,860.21 1 5
github.com/opd-ai/toxcore/av/manager.go:864.121,874.16 3 1
github.com/opd-ai/toxcore/av/manager.go:874.16,876.3 1 0
github.com/opd-ai/toxcore/av/manager.go:878.2,879.16 2 1
github.com/opd-ai/toxcore/av/manager.go:879.16,881.3 1 0
github.com/opd-ai/toxcore/av/manager.go:883.2,883.43 1 1
github.com/opd-ai/toxcore/av/manager.go:887.72,888.16 1 28
github.com/opd-ai/toxcore/av/manager.go:888.16,894.3 2 0
github.com/opd-ai/toxcore/av/manager.go:897.2,897.48 1 28
github.com/opd-ai/toxcore/av/manager.go:897.48,904.3 2 0
github.com/opd-ai/toxcore/av/manager.go:906.2,906.12 1 28
github.com/opd-ai/toxcore/av/manager.go:910.68,921.2 4 28
github.com/opd-ai/toxcore/av/manager.go:924.107,928.16 3 28
github.com/opd-ai/toxcore/av/manager.go:928.16,930.3 1 0
github.com/opd-ai/toxcore/av/manager.go:932.2,933.16 2 28
github.com/opd-ai/toxcore/av/manager.go:933.16,935.3 1 0
github.com/opd-ai/toxcore/av/manager.go:937.2,937.66 1 28
github.com/opd-ai/toxcore/av/manager.go:941.104,948.2 1 28
github.com/opd-ai/toxcore/av/manager.go:951.95,958.16 3 28
github.com/opd-ai/toxcore/av/manager.go:958.16,965.3 2 0
github.com/opd-ai/toxcore/av/manager.go:966.2,966.18 1 28
github.com/opd-ai/toxcore/av/manager.go:970.76,972.16 2 28
github.com/opd-ai/toxcore/av/manager.go:972.16,979.3 2 0
github.com/opd-ai/toxcore/av/manager.go:980.2,980.18 1 28
github.com/opd-ai/toxcore/av/manager.go:984.95,994.16 3 28
github.com/opd-ai/toxcore/av/manager.go:994.16,1001.3 2 0
github.com/opd-ai/toxcore/av/manager.go:1002.2,1002.12 1 28
github.com/opd-ai/toxcore/av/manager.go:1006.88,1013.2 6 29
github.com/opd-ai/toxcore/av/manager.go:1016.100,1025.34 5 28
github.com/opd-ai/toxcore/av/manager.go:1025.34,1027.3 1 28
github.com/opd-ai/toxcore/av/manager.go:1029.2,1036.13 2 28
github.com/opd-ai/toxcore/av/manager.go:1040.81,1043.16 2 28
github.com/opd-ai/toxcore/av/manager.go:1043.16,1052.3 3 0
github.com/opd-ai/toxcore/av/manager.go:1054.2,1054.12 1 28
github.com/opd-ai/toxcore/av/manager.go:1069.84,1083.66 4 28
github.com/opd-ai/toxcore/av/manager.go:1083.66,1085.3 1 0
github.com/opd-ai/toxcore/av/manager.go:1088.2,1091.101 2 28
github.com/opd-ai/toxcore/av/manager.go:1091.101,1093.3 1 0
github.com/opd-ai/toxcore/av/manager.go:1096.2,1099.69 2 28
github.com/opd-ai/toxcore/av/manager.go:1099.69,1101.3 1 0
github.com/opd-ai/toxcore/av/manager.go:1104.2,1118.12 4 28
github.com/opd-ai/toxcore/av/manager.go:1133.85,1137.16 3 1
github.com/opd-ai/toxcore/av/manager.go:1137.16,1139.3 1 0
github.com/opd-ai/toxcore/av/manager.go:1141.2,1142.13 2 1
github.com/opd-ai/toxcore/av/manager.go:1142.13,1144.3 1 0
github.com/opd-ai/toxcore/av/manager.go:1147.2,1148.16 2 1
github.com/opd-ai/toxcore/av/manager.go:1148.16,1150.3 1 0
github.com/opd-ai/toxcore/av/manager.go:1153.2,1160.16 4 1
github.com/opd-ai/toxcore/av/manager.go:1160.16,1164.3 2 0
github.com/opd-ai/toxcore/av/manager.go:1166.2,1169.12 2 1
github.com/opd-ai/toxcore/av/manager.go:1176.105,1184.16 3 18
github.com/opd-ai/toxcore/av/manager.go:1184.16,1186.3 1 0
github.com/opd-ai/toxcore/av/manager.go:1188.2,1189.16 2 18
github.com/opd-ai/toxcore/av/manager.go:1189.16,1191.3 1 0
github.com/opd-ai/toxcore/av/manager.go:1193.2,1194.16 2 18
github.com/opd-ai/toxcore/av/manager.go:1194.16,1196.3 1 0
github.com/opd-ai/toxcore/av/manager.go:1198.2,1198.12 1 18
github.com/opd-ai/toxcore/av/manager.go:1211.54,1216.13 4 12
github.com/opd-ai/toxcore/av/manager.go:1216.13,1218.3 1 0
github.com/opd-ai/toxcore/av/manager.go:1221.2,1221.87 1 12
github.com/opd-ai/toxcore/av/manager.go:1221.87,1223.3 1 0
github.com/opd-ai/toxcore/av/manager.go:1226.2,1232.12 5 12
github.com/opd-ai/toxcore/av/manager.go:1248.9,1253.13 4 18
github.com/opd-ai/toxcore/av/manager.go:1253.13,1255.3 1 6
github.com/opd-ai/toxcore/av/manager.go:1257.2,1257.42 1 12
github.com/opd-ai/toxcore/av/manager.go:1257.42,1259.3 1 6
github.com/opd-ai/toxcore/av/manager.go:1261.2,1261.81 1 6
github.com/opd-ai/toxcore/av/manager.go:1261.81,1263.3 1 0
github.com/opd-ai/toxcore/av/manager.go:1265.2,1271.12 3 6
github.com/opd-ai/toxcore/av/manager.go:1284.56,1288.22 1 3
github.com/opd-ai/toxcore/av/manager.go:1288.22,1288.45 1 2
github.com/opd-ai/toxcore/av/manager.go:1292.25,1292.43 1 1
github.com/opd-ai/toxcore/av/manager.go:1306.57,1310.22 1 3
github.com/opd-ai/toxcore/av/manager.go:1310.22,1310.45 1 2
github.com/opd-ai/toxcore/av/manager.go:1314.25,1314.43 1 1
github.com/opd-ai/toxcore/av/manager.go:1329.56,1333.22 1 3
github.com/opd-ai/toxcore/av/manager.go:1333.22,1333.49 1 2
github.com/opd-ai/toxcore/av/manager.go:1337.25,1337.47 1 1
github.com/opd-ai/toxcore/av/manager.go:1352.58,1356.22 1 3
github.com/opd-ai/toxcore/av/manager.go:1356.22,1356.49 1 2
github.com/opd-ai/toxcore/av/manager.go:1360.25,1360.47 1 1
github.com/opd-ai/toxcore/av/manager.go:1375.56,1379.22 1 3
github.com/opd-ai/toxcore/av/manager.go:1379.22,1379.50 1 2
github.com/opd-ai/toxcore/av/manager.go:1383.25,1383.48 1 1
github.com/opd-ai/toxcore/av/manager.go:1398.56,1402.22 1 3
github.com/opd-ai/toxcore/av/manager.go:1402.22,1402.50 1 2
github.com/opd-ai/toxcore/av/manager.go:1406.25,1406.48 1 1
github.com/opd-ai/toxcore/av/manager.go:1416.33,1424.15 4 26
github.com/opd-ai/toxcore/av/manager.go:1424.15,1430.3 2 0
github.com/opd-ai/toxcore/av/manager.go:1432.2,1438.12 3 26
github.com/opd-ai/toxcore/av/manager.go:1445.32,1453.16 4 27
github.com/opd-ai/toxcore/av/manager.go:1453.16,1458.3 2 1
github.com/opd-ai/toxcore/av/manager.go:1460.2,1467.42 3 26
github.com/opd-ai/toxcore/av/manager.go:1467.42,1475.3 3 18
github.com/opd-ai/toxcore/av/manager.go:1477.2,1484.12 3 26
github.com/opd-ai/toxcore/av/manager.go:1488.36,1492.2 3 3
github.com/opd-ai/toxcore/av/manager.go:1498.53,1500.2 1 1
github.com/opd-ai/toxcore/av/manager.go:1512.29,1515.20 2 9
github.com/opd-ai/toxcore/av/manager.go:1515.20,1517.3 1 1
github.com/opd-ai/toxcore/av/manager.go:1520.2,1523.72 3 8
github.com/opd-ai/toxcore/av/manager.go:1523.72,1528.3 1 0
github.com/opd-ai/toxcore/av/manager.go:1531.2,1531.33 1 8
github.com/opd-ai/toxcore/av/manager.go:1531.33,1533.3 1 8
github.com/opd-ai/toxcore/av/manager.go:1535.2,1535.72 1 8
github.com/opd-ai/toxcore/av/manager.go:1535.72,1540.3 1 0
github.com/opd-ai/toxcore/av/manager.go:1548.43,1558.52 4 11
github.com/opd-ai/toxcore/av/manager.go:1558.52,1560.3 1 1
github.com/opd-ai/toxcore/av/manager.go:1563.2,1566.50 2 10
github.com/opd-ai/toxcore/av/manager.go:1571.92,1572.85 1 11
github.com/opd-ai/toxcore/av/manager.go:1572.85,1574.3 1 1
github.com/opd-ai/toxcore/av/manager.go:1576.2,1579.46 3 10
github.com/opd-ai/toxcore/av/manager.go:1579.46,1581.3 1 8
github.com/opd-ai/toxcore/av/manager.go:1583.2,1584.39 2 2
github.com/opd-ai/toxcore/av/manager.go:1584.39,1586.3 1 1
github.com/opd-ai/toxcore/av/manager.go:1588.2,1600.13 6 1
github.com/opd-ai/toxcore/av/manager.go:1604.94,1605.85 1 10
github.com/opd-ai/toxcore/av/manager.go:1605.85,1607.3 1 1
github.com/opd-ai/toxcore/av/manager.go:1609.2,1611.16 3 9
github.com/opd-ai/toxcore/av/manager.go:1611.16,1617.3 1 0
github.com/opd-ai/toxcore/av/manager.go:1621.89,1622.59 1 10
github.com/opd-ai/toxcore/av/manager.go:1622.59,1624.3 1 10
github.com/opd-ai/toxcore/av/manager.go:1626.2,1639.50 5 0
github.com/opd-ai/toxcore/av/manager.go:1646.54,1663.2 6 19
github.com/opd-ai/toxcore/av/manager.go:1666.38,1670.2 3 2
github.com/opd-ai/toxcore/av/manager.go:1676.55,1678.2 1 3
github.com/opd-ai/toxcore/av/manager.go:1684.95,1685.29 1 3
github.com/opd-ai/toxcore/av/manager.go:1685.29,1687.3 1 3
github.com/opd-ai/toxcore/av/manager.go:1698.62,1699.35 1 2
github.com/opd-ai/toxcore/av/manager.go:1699.35,1701.3 1 0
github.com/opd-ai/toxcore/av/manager.go:1702.2,1702.55 1 2
github.com/opd-ai/toxcore/av/manager.go:1713.91,1714.35 1 2
github.com/opd-ai/toxcore/av/manager.go:1714.35,1716.3 1 1
github.com/opd-ai/toxcore/av/manager.go:1718.2,1726.18 3 1
github.com/opd-ai/toxcore/av/manager.go:1726.18,1727.68 1 0
github.com/opd-ai/toxcore/av/manager.go:1727.68,1733.4 2 0
github.com/opd-ai/toxcore/av/manager.go:1734.8,1736.3 1 1
github.com/opd-ai/toxcore/av/manager.go:1738.2,1742.12 2 1
github.com/opd-ai/toxcore/av/manager.go:1749.45,1750.35 1 1
github.com/opd-ai/toxcore/av/manager.go:1750.35,1752.3 1 1
github.com/opd-ai/toxcore/av/manager.go:1759.67,1761.2 1 4
github.com/opd-ai/toxcore/av/manager.go:1771.146,1784.2 5 2
github.com/opd-ai/toxcore/av/manager.go:1794.148,1807.2 5 2
github.com/opd-ai/toxcore/av/manager.go:1817.104,1830.2 5 1
github.com/opd-ai/toxcore/av/manager.go:1840.93,1853.2 5 1
github.com/opd-ai/toxcore/av/manager.go:1860.67,1864.32 2 62
github.com/opd-ai/toxcore/av/manager.go:1864.32,1872.3 3 2
github.com/opd-ai/toxcore/av/metrics.go:116.76,141.2 5 16
github.com/opd-ai/toxcore/av/metrics.go:144.44,148.16 3 3
github.com/opd-ai/toxcore/av/metrics.go:148.16,150.3 1 1
github.com/opd-ai/toxcore/av/metrics.go:152.2,165.12 5 2
github.com/opd-ai/toxcore/av/metrics.go:169.37,173.17 3 3
github.com/opd-ai/toxcore/av/metrics.go:173.17,175.3 1 1
github.com/opd-ai/toxcore/av/metrics.go:177.2,186.52 4 2
github.com/opd-ai/toxcore/av/metrics.go:190.47,194.2 3 5
github.com/opd-ai/toxcore/av/metrics.go:208.79,216.2 4 1
github.com/opd-ai/toxcore/av/metrics.go:222.86,228.13 4 292
github.com/opd-ai/toxcore/av/metrics.go:228.13,235.3 2 0
github.com/opd-ai/toxcore/av/metrics.go:238.2,242.47 3 292
github.com/opd-ai/toxcore/av/metrics.go:242.47,244.3 1 10
github.com/opd-ai/toxcore/av/metrics.go:247.2,249.46 2 292
github.com/opd-ai/toxcore/av/metrics.go:249.46,256.3 1 0
github.com/opd-ai/toxcore/av/metrics.go:262.69,272.56 4 32
github.com/opd-ai/toxcore/av/metrics.go:272.56,278.3 1 32
github.com/opd-ai/toxcore/av/metrics.go:281.2,282.26 2 32
github.com/opd-ai/toxcore/av/metrics.go:289.68,303.2 5 4
github.com/opd-ai/toxcore/av/metrics.go:308.63,314.2 3 103
github.com/opd-ai/toxcore/av/metrics.go:319.80,324.13 4 403
github.com/opd-ai/toxcore/av/metrics.go:324.13,326.3 1 1
github.com/opd-ai/toxcore/av/metrics.go:329.2,331.20 3 402
github.com/opd-ai/toxcore/av/metrics.go:335.43,344.6 4 2
github.com/opd-ai/toxcore/av/metrics.go:344.6,345.10 1 3
github.com/opd-ai/toxcore/av/metrics.go:346.24,350.10 2 2
github.com/opd-ai/toxcore/av/metrics.go:352.19,353.23 1 1
github.com/opd-ai/toxcore/av/metrics.go:359.47,362.21 3 1
github.com/opd-ai/toxcore/av/metrics.go:362.21,365.3 2 0
github.com/opd-ai/toxcore/av/metrics.go:368.2,376.52 2 1
github.com/opd-ai/toxcore/av/metrics.go:376.52,378.3 1 1
github.com/opd-ai/toxcore/av/metrics.go:381.2,392.41 4 1
github.com/opd-ai/toxcore/av/metrics.go:396.52,400.39 2 328
github.com/opd-ai/toxcore/av/metrics.go:400.39,402.3 1 2
github.com/opd-ai/toxcore/av/metrics.go:405.2,416.41 9 326
github.com/opd-ai/toxcore/av/metrics.go:416.41,425.26 6 984
github.com/opd-ai/toxcore/av/metrics.go:426.25,427.37 1 176
github.com/opd-ai/toxcore/av/metrics.go:428.20,429.32 1 787
github.com/opd-ai/toxcore/av/metrics.go:430.20,431.32 1 12
github.com/opd-ai/toxcore/av/metrics.go:432.41,433.32 1 9
github.com/opd-ai/toxcore/av/metrics.go:438.2,443.38 5 326
github.com/opd-ai/toxcore/av/metrics.go:443.38,445.3 1 326
github.com/opd-ai/toxcore/av/metrics.go:447.2,447.58 1 326
github.com/opd-ai/toxcore/av/metrics.go:454.69,455.39 1 6
github.com/opd-ai/toxcore/av/metrics.go:455.39,457.3 1 0
github.com/opd-ai/toxcore/av/metrics.go:460.2,460.65 1 6
github.com/opd-ai/toxcore/av/metrics.go:460.65,462.3 1 1
github.com/opd-ai/toxcore/av/metrics.go:465.2,465.96 1 5
github.com/opd-ai/toxcore/av/metrics.go:465.96,467.3 1 1
github.com/opd-ai/toxcore/av/metrics.go:470.2,470.101 1 4
github.com/opd-ai/toxcore/av/metrics.go:470.101,472.67 1 4
github.com/opd-ai/toxcore/av/metrics.go:472.67,474.4 1 1
github.com/opd-ai/toxcore/av/metrics.go:475.3,475.21 1 3
github.com/opd-ai/toxcore/av/metrics.go:479.2,479.20 1 0
github.com/opd-ai/toxcore/av/metrics.go:484.63,488.2 3 0
github.com/opd-ai/toxcore/av/metrics.go:491.61,492.28 1 327
github.com/opd-ai/toxcore/av/metrics.go:492.28,494.3 1 0
github.com/opd-ai/toxcore/av/metrics.go:495.2,495.30 1 327
github.com/opd-ai/toxcore/av/metrics.go:499.55,503.2 3 8
github.com/opd-ai/toxcore/av/metrics.go:506.57,510.2 3 6
github.com/opd-ai/toxcore/av/performance.go:59.54,69.51 3 44
github.com/opd-ai/toxcore/av/performance.go:69.51,72.3 1 275
github.com/opd-ai/toxcore/av/performance.go:74.2,81.18 2 44
github.com/opd-ai/toxcore/av/performance.go:93.79,100.52 3 1017
github.com/opd-ai/toxcore/av/performance.go:100.52,101.17 1 1003
github.com/opd-ai/toxcore/av/performance.go:101.17,103.4 1 0
github.com/opd-ai/toxcore/av/performance.go:108.2,109.14 2 1017
github.com/opd-ai/toxcore/av/performance.go:109.14,112.3 2 1
github.com/opd-ai/toxcore/av/performance.go:113.2,113.20 1 1016
github.com/opd-ai/toxcore/av/performance.go:113.20,116.3 2 6
github.com/opd-ai/toxcore/av/performance.go:119.2,128.24 5 1010
github.com/opd-ai/toxcore/av/performance.go:138.68,145.41 3 1017
github.com/opd-ai/toxcore/av/performance.go:145.41,148.23 2 1003
github.com/opd-ai/toxcore/av/performance.go:148.23,149.37 1 0
github.com/opd-ai/toxcore/av/performance.go:149.37,156.5 1 0
github.com/opd-ai/toxcore/av/performance.go:157.4,157.21 1 0
github.com/opd-ai/toxcore/av/performance.go:159.3,159.21 1 1003
github.com/opd-ai/toxcore/av/performance.go:161.2,161.21 1 14
github.com/opd-ai/toxcore/av/performance.go:166.79,171.14 4 1017
github.com/opd-ai/toxcore/av/performance.go:171.14,174.3 2 1
github.com/opd-ai/toxcore/av/performance.go:176.2,176.31 1 1016
github.com/opd-ai/toxcore/av/performance.go:176.31,178.3 1 3010
github.com/opd-ai/toxcore/av/performance.go:179.2,182.35 3 1016
github.com/opd-ai/toxcore/av/performance.go:186.71,191.2 4 1010
github.com/opd-ai/toxcore/av/performance.go:194.88,195.52 1 1010
github.com/opd-ai/toxcore/av/performance.go:195.52,202.3 1 381
github.com/opd-ai/toxcore/av/performance.go:207.66,209.2 1 0
github.com/opd-ai/toxcore/av/performance.go:212.64,213.28 1 3044
github.com/opd-ai/toxcore/av/performance.go:213.28,215.3 1 0
github.com/opd-ai/toxcore/av/performance.go:216.2,216.30 1 3044
github.com/opd-ai/toxcore/av/performance.go:223.64,225.2 1 1010
github.com/opd-ai/toxcore/av/performance.go:228.56,232.2 2 1020
github.com/opd-ai/toxcore/av/performance.go:235.64,237.23 1 1020
github.com/opd-ai/toxcore/av/performance.go:237.23,239.3 1 3012
github.com/opd-ai/toxcore/av/performance.go:241.2,242.29 2 1020
github.com/opd-ai/toxcore/av/performance.go:249.69,251.13 2 23
github.com/opd-ai/toxcore/av/performance.go:251.13,253.3 1 12
github.com/opd-ai/toxcore/av/performance.go:254.2,259.51 2 23
github.com/opd-ai/toxcore/av/performance.go:263.65,265.2 1 1081
github.com/opd-ai/toxcore/av/performance.go:271.59,272.48 1 2
github.com/opd-ai/toxcore/av/performance.go:272.48,274.3 1 1
github.com/opd-ai/toxcore/av/performance.go:276.2,287.12 6 1
github.com/opd-ai/toxcore/av/performance.go:287.12,289.51 2 1
github.com/opd-ai/toxcore/av/performance.go:289.51,291.4 1 1
github.com/opd-ai/toxcore/av/performance.go:294.2,298.12 2 1
github.com/opd-ai/toxcore/av/performance.go:302.52,303.48 1 3
github.com/opd-ai/toxcore/av/performance.go:303.48,305.3 1 2
github.com/opd-ai/toxcore/av/performance.go:307.2,311.31 2 1
github.com/opd-ai/toxcore/av/performance.go:311.31,313.3 1 1
github.com/opd-ai/toxcore/av/performance.go:315.2,319.34 2 1
github.com/opd-ai/toxcore/av/performance.go:323.59,325.2 1 55
github.com/opd-ai/toxcore/av/performance.go:328.85,333.30 3 1010
github.com/opd-ai/toxcore/av/performance.go:333.30,335.3 1 7
github.com/opd-ai/toxcore/av/performance.go:335.8,340.3 1 1003
github.com/opd-ai/toxcore/av/performance.go:343.2,343.42 1 1010
github.com/opd-ai/toxcore/av/performance.go:343.42,345.3 1 10
github.com/opd-ai/toxcore/av/performance.go:354.76,367.2 3 6
github.com/opd-ai/toxcore/av/performance.go:372.59,390.2 10 2
github.com/opd-ai/toxcore/av/quality.go:45.39,46.11 1 30
github.com/opd-ai/toxcore/av/quality.go:47.24,48.21 1 15
github.com/opd-ai/toxcore/av/quality.go:49.19,50.16 1 2
github.com/opd-ai/toxcore/av/quality.go:51.19,52.16 1 1
github.com/opd-ai/toxcore/av/quality.go:53.19,54.16 1 1
github.com/opd-ai/toxcore/av/quality.go:55.27,56.24 1 10
github.com/opd-ai/toxcore/av/quality.go:57.10,58.44 1 1
github.com/opd-ai/toxcore/av/quality.go:113.52,125.2 1 49
github.com/opd-ai/toxcore/av/quality.go:153.71,154.23 1 49
github.com/opd-ai/toxcore/av/quality.go:154.23,156.3 1 48
github.com/opd-ai/toxcore/av/quality.go:158.2,174.16 4 49
github.com/opd-ai/toxcore/av/quality.go:185.103,195.2 4 17
github.com/opd-ai/toxcore/av/quality.go:201.52,211.2 4 16
github.com/opd-ai/toxcore/av/quality.go:214.44,219.2 3 30
github.com/opd-ai/toxcore/av/quality.go:233.100,234.17 1 18
github.com/opd-ai/toxcore/av/quality.go:234.17,236.3 1 1
github.com/opd-ai/toxcore/av/quality.go:238.2,251.21 5 17
github.com/opd-ai/toxcore/av/quality.go:255.94,274.20 6 17
github.com/opd-ai/toxcore/av/quality.go:274.20,281.3 2 1
github.com/opd-ai/toxcore/av/quality.go:283.2,283.16 1 17
github.com/opd-ai/toxcore/av/quality.go:287.85,289.23 2 17
github.com/opd-ai/toxcore/av/quality.go:289.23,295.3 2 17
github.com/opd-ai/toxcore/av/quality.go:297.2,299.22 3 0
github.com/opd-ai/toxcore/av/quality.go:299.22,301.3 1 0
github.com/opd-ai/toxcore/av/quality.go:303.2,314.38 4 0
github.com/opd-ai/toxcore/av/quality.go:321.75,327.50 4 24
github.com/opd-ai/toxcore/av/quality.go:327.50,329.3 1 8
github.com/opd-ai/toxcore/av/quality.go:332.2,332.113 1 16
github.com/opd-ai/toxcore/av/quality.go:332.113,334.3 1 3
github.com/opd-ai/toxcore/av/quality.go:337.2,337.52 1 13
github.com/opd-ai/toxcore/av/quality.go:344.105,346.2 1 24
github.com/opd-ai/toxcore/av/quality.go:354.103,355.31 1 0
github.com/opd-ai/toxcore/av/quality.go:355.31,357.3 1 0
github.com/opd-ai/toxcore/av/quality.go:358.2,358.20 1 0
github.com/opd-ai/toxcore/av/quality.go:361.116,362.9 1 16
github.com/opd-ai/toxcore/av/quality.go:363.55,364.29 1 1
github.com/opd-ai/toxcore/av/quality.go:365.55,366.21 1 1
github.com/opd-ai/toxcore/av/quality.go:367.55,368.21 1 1
github.com/opd-ai/toxcore/av/quality.go:369.60,370.75 1 0
github.com/opd-ai/toxcore/av/quality.go:371.10,372.26 1 13
github.com/opd-ai/toxcore/av/quality.go:380.112,381.45 1 13
github.com/opd-ai/toxcore/av/quality.go:381.45,383.3 1 0
github.com/opd-ai/toxcore/av/quality.go:383.8,383.52 1 13
github.com/opd-ai/toxcore/av/quality.go:383.52,385.3 1 1
github.com/opd-ai/toxcore/av/quality.go:385.8,385.52 1 12
github.com/opd-ai/toxcore/av/quality.go:385.52,387.3 1 0
github.com/opd-ai/toxcore/av/quality.go:387.8,387.57 1 12
github.com/opd-ai/toxcore/av/quality.go:387.57,389.3 1 1
github.com/opd-ai/toxcore/av/quality.go:391.2,391.25 1 11
github.com/opd-ai/toxcore/av/quality.go:406.97,407.21 1 23
github.com/opd-ai/toxcore/av/quality.go:407.21,410.3 1 8
github.com/opd-ai/toxcore/av/quality.go:412.2,413.16 2 15
github.com/opd-ai/toxcore/av/quality.go:413.16,415.3 1 0
github.com/opd-ai/toxcore/av/quality.go:418.2,422.21 4 15
github.com/opd-ai/toxcore/av/quality.go:422.21,433.3 3 6
github.com/opd-ai/toxcore/av/quality.go:435.2,435.21 1 15
github.com/opd-ai/toxcore/av/quality.go:439.62,444.2 3 4
github.com/opd-ai/toxcore/av/quality.go:450.70,460.2 4 12
github.com/opd-ai/toxcore/av/signaling.go:76.67,77.16 1 32
github.com/opd-ai/toxcore/av/signaling.go:77.16,83.3 2 1
github.com/opd-ai/toxcore/av/signaling.go:85.2,103.18 8 31
github.com/opd-ai/toxcore/av/signaling.go:107.70,108.20 1 5
github.com/opd-ai/toxcore/av/signaling.go:108.20,110.3 1 1
github.com/opd-ai/toxcore/av/signaling.go:112.2,117.8 1 4
github.com/opd-ai/toxcore/av/signaling.go:121.70,122.17 1 4
github.com/opd-ai/toxcore/av/signaling.go:122.17,124.3 1 1
github.com/opd-ai/toxcore/av/signaling.go:126.2,129.19 3 3
github.com/opd-ai/toxcore/av/signaling.go:129.19,131.3 1 2
github.com/opd-ai/toxcore/av/signaling.go:131.8,133.3 1 1
github.com/opd-ai/toxcore/av/signaling.go:135.2,139.18 4 3
github.com/opd-ai/toxcore/av/signaling.go:143.72,144.20 1 3
github.com/opd-ai/toxcore/av/signaling.go:144.20,146.3 1 1
github.com/opd-ai/toxcore/av/signaling.go:148.2,154.8 1 2
github.com/opd-ai/toxcore/av/signaling.go:158.68,159.17 1 28
github.com/opd-ai/toxcore/av/signaling.go:159.17,161.3 1 1
github.com/opd-ai/toxcore/av/signaling.go:163.2,168.18 5 27
github.com/opd-ai/toxcore/av/signaling.go:172.70,173.20 1 16
github.com/opd-ai/toxcore/av/signaling.go:173.20,175.3 1 1
github.com/opd-ai/toxcore/av/signaling.go:177.2,181.8 1 15
github.com/opd-ai/toxcore/av/signaling.go:185.74,186.17 1 2
github.com/opd-ai/toxcore/av/signaling.go:186.17,188.3 1 1
github.com/opd-ai/toxcore/av/signaling.go:190.2,196.18 6 1
github.com/opd-ai/toxcore/av/signaling.go:200.76,201.20 1 2
github.com/opd-ai/toxcore/av/signaling.go:201.20,203.3 1 1
github.com/opd-ai/toxcore/av/signaling.go:205.2,210.8 1 1
github.com/opd-ai/toxcore/av/types.go:70.38,71.11 1 7
github.com/opd-ai/toxcore/av/types.go:72.25,73.18 1 1
github.com/opd-ai/toxcore/av/types.go:74.24,75.17 1 1
github.com/opd-ai/toxcore/av/types.go:76.25,77.18 1 1
github.com/opd-ai/toxcore/av/types.go:78.28,79.21 1 1
github.com/opd-ai/toxcore/av/types.go:80.30,81.23 1 1
github.com/opd-ai/toxcore/av/types.go:82.28,83.21 1 1
github.com/opd-ai/toxcore/av/types.go:84.28,85.21 1 1
github.com/opd-ai/toxcore/av/types.go:86.10,87.19 1 0
github.com/opd-ai/toxcore/av/types.go:113.44,113.65 1 3558
github.com/opd-ai/toxcore/av/types.go:124.92,127.21 2 13
github.com/opd-ai/toxcore/av/types.go:127.21,129.3 1 1
github.com/opd-ai/toxcore/av/types.go:131.2,132.16 2 12
github.com/opd-ai/toxcore/av/types.go:132.16,139.3 2 1
github.com/opd-ai/toxcore/av/types.go:141.2,141.24 1 11
github.com/opd-ai/toxcore/av/types.go:141.24,148.3 2 4
github.com/opd-ai/toxcore/av/types.go:151.2,159.18 5 7
github.com/opd-ai/toxcore/av/types.go:219.41,251.2 4 59
github.com/opd-ai/toxcore/av/types.go:254.41,258.2 3 72
github.com/opd-ai/toxcore/av/types.go:261.37,265.2 3 177
github.com/opd-ai/toxcore/av/types.go:269.42,288.2 6 273
github.com/opd-ai/toxcore/av/types.go:291.38,295.2 3 5
github.com/opd-ai/toxcore/av/types.go:298.38,302.2 3 5
github.com/opd-ai/toxcore/av/types.go:305.41,309.2 3 121
github.com/opd-ai/toxcore/av/types.go:312.41,316.2 3 120
github.com/opd-ai/toxcore/av/types.go:319.41,323.2 3 38
github.com/opd-ai/toxcore/av/types.go:326.45,330.2 3 36
github.com/opd-ai/toxcore/av/types.go:334.52,338.2 3 12
github.com/opd-ai/toxcore/av/types.go:342.59,346.2 3 2
github.com/opd-ai/toxcore/av/types.go:349.48,366.2 5 102
github.com/opd-ai/toxcore/av/types.go:369.48,386.2 5 102
github.com/opd-ai/toxcore/av/types.go:390.60,395.2 4 6
github.com/opd-ai/toxcore/av/types.go:399.63,404.2 4 1
github.com/opd-ai/toxcore/av/types.go:407.47,408.27 1 138
github.com/opd-ai/toxcore/av/types.go:408.27,410.3 1 0
github.com/opd-ai/toxcore/av/types.go:411.2,411.23 1 138
github.com/opd-ai/toxcore/av/types.go:416.49,419.15 3 35
github.com/opd-ai/toxcore/av/types.go:419.15,421.3 1 1
github.com/opd-ai/toxcore/av/types.go:422.2,422.21 1 35
github.com/opd-ai/toxcore/av/types.go:427.30,433.2 5 17
github.com/opd-ai/toxcore/av/types.go:437.34,441.2 3 121
github.com/opd-ai/toxcore/av/types.go:444.32,448.2 3 12
github.com/opd-ai/toxcore/av/types.go:451.36,455.2 3 10
github.com/opd-ai/toxcore/av/types.go:458.37,462.2 3 10
github.com/opd-ai/toxcore/av/types.go:465.39,481.2 5 6
github.com/opd-ai/toxcore/av/types.go:484.42,500.2 5 4
github.com/opd-ai/toxcore/av/types.go:503.44,519.2 5 4
github.com/opd-ai/toxcore/av/types.go:527.61,537.2 4 32
github.com/opd-ai/toxcore/av/types.go:551.80,564.70 6 33
github.com/opd-ai/toxcore/av/types.go:564.70,566.3 1 0
github.com/opd-ai/toxcore/av/types.go:568.2,573.12 2 33
github.com/opd-ai/toxcore/av/types.go:577.43,578.29 1 33
github.com/opd-ai/toxcore/av/types.go:578.29,584.3 2 0
github.com/opd-ai/toxcore/av/types.go:586.2,594.40 3 33
github.com/opd-ai/toxcore/av/types.go:598.43,599.29 1 33
github.com/opd-ai/toxcore/av/types.go:599.29,605.3 2 0
github.com/opd-ai/toxcore/av/types.go:607.2,615.40 3 33
github.com/opd-ai/toxcore/av/types.go:619.85,620.25 1 33
github.com/opd-ai/toxcore/av/types.go:620.25,626.3 2 0
github.com/opd-ai/toxcore/av/types.go:628.2,633.25 2 33
github.com/opd-ai/toxcore/av/types.go:633.25,639.3 2 4
github.com/opd-ai/toxcore/av/types.go:641.2,642.9 2 29
github.com/opd-ai/toxcore/av/types.go:642.9,649.3 2 29
github.com/opd-ai/toxcore/av/types.go:651.2,651.55 1 0
github.com/opd-ai/toxcore/av/types.go:655.94,657.16 2 0
github.com/opd-ai/toxcore/av/types.go:657.16,664.3 2 0
github.com/opd-ai/toxcore/av/types.go:666.2,667.16 2 0
github.com/opd-ai/toxcore/av/types.go:667.16,674.3 2 0
github.com/opd-ai/toxcore/av/types.go:676.2,684.12 3 0
github.com/opd-ai/toxcore/av/types.go:702.104,713.93 2 13
github.com/opd-ai/toxcore/av/types.go:713.93,715.3 1 5
github.com/opd-ai/toxcore/av/types.go:718.2,719.16 2 8
github.com/opd-ai/toxcore/av/types.go:719.16,721.3 1 1
github.com/opd-ai/toxcore/av/types.go:724.2,725.16 2 7
github.com/opd-ai/toxcore/av/types.go:725.16,727.3 1 0
github.com/opd-ai/toxcore/av/types.go:730.2,730.80 1 7
github.com/opd-ai/toxcore/av/types.go:730.80,732.3 1 0
github.com/opd-ai/toxcore/av/types.go:735.2,743.12 3 7
github.com/opd-ai/toxcore/av/types.go:748.114,749.19 1 13
github.com/opd-ai/toxcore/av/types.go:749.19,755.3 2 1
github.com/opd-ai/toxcore/av/types.go:757.2,757.22 1 12
github.com/opd-ai/toxcore/av/types.go:757.22,764.3 2 1
github.com/opd-ai/toxcore/av/types.go:766.2,766.35 1 11
github.com/opd-ai/toxcore/av/types.go:766.35,773.3 2 2
github.com/opd-ai/toxcore/av/types.go:775.2,775.23 1 9
github.com/opd-ai/toxcore/av/types.go:775.23,782.3 2 1
github.com/opd-ai/toxcore/av/types.go:784.2,784.12 1 8
github.com/opd-ai/toxcore/av/types.go:789.77,796.19 6 8
github.com/opd-ai/toxcore/av/types.go:796.19,802.3 2 1
github.com/opd-ai/toxcore/av/types.go:804.2,804.27 1 7
github.com/opd-ai/toxcore/av/types.go:804.27,810.3 2 0
github.com/opd-ai/toxcore/av/types.go:812.2,812.40 1 7
github.com/opd-ai/toxcore/av/types.go:817.116,827.16 3 7
github.com/opd-ai/toxcore/av/types.go:827.16,834.3 2 0
github.com/opd-ai/toxcore/av/types.go:837.2,837.27 1 7
github.com/opd-ai/toxcore/av/types.go:837.27,843.3 2 0
github.com/opd-ai/toxcore/av/types.go:845.2,853.25 2 7
github.com/opd-ai/toxcore/av/types.go:858.100,860.23 1 7
github.com/opd-ai/toxcore/av/types.go:860.23,869.17 3 0
github.com/opd-ai/toxcore/av/types.go:869.17,876.4 2 0
github.com/opd-ai/toxcore/av/types.go:878.3,882.53 1 0
github.com/opd-ai/toxcore/av/types.go:883.8,892.3 1 7
github.com/opd-ai/toxcore/av/types.go:894.2,894.12 1 7
github.com/opd-ai/toxcore/av/types.go:899.53,903.2 3 5
github.com/opd-ai/toxcore/av/types.go:907.45,911.2 3 17
github.com/opd-ai/toxcore/av/types.go:928.75,940.75 2 0
github.com/opd-ai/toxcore/av/types.go:940.75,942.3 1 0
github.com/opd-ai/toxcore/av/types.go:945.2,946.16 2 0
github.com/opd-ai/toxcore/av/types.go:946.16,948.3 1 0
github.com/opd-ai/toxcore/av/types.go:951.2,952.16 2 0
github.com/opd-ai/toxcore/av/types.go:952.16,954.3 1 0
github.com/opd-ai/toxcore/av/types.go:957.2,957.63 1 0
github.com/opd-ai/toxcore/av/types.go:957.63,959.3 1 0
github.com/opd-ai/toxcore/av/types.go:962.2,971.12 3 0
github.com/opd-ai/toxcore/av/types.go:976.85,977.31 1 0
github.com/opd-ai/toxcore/av/types.go:977.31,985.3 2 0
github.com/opd-ai/toxcore/av/types.go:988.2,991.28 3 0
github.com/opd-ai/toxcore/av/types.go:991.28,999.3 2 0
github.com/opd-ai/toxcore/av/types.go:1001.2,1001.29 1 0
github.com/opd-ai/toxcore/av/types.go:1001.29,1009.3 2 0
github.com/opd-ai/toxcore/av/types.go:1011.2,1011.29 1 0
github.com/opd-ai/toxcore/av/types.go:1011.29,1019.3 2 0
github.com/opd-ai/toxcore/av/types.go:1021.2,1021.12 1 0
github.com/opd-ai/toxcore/av/types.go:1026.77,1033.19 6 0
github.com/opd-ai/toxcore/av/types.go:1033.19,1039.3 2 0
github.com/opd-ai/toxcore/av/types.go:1041.2,1041.27 1 0
github.com/opd-ai/toxcore/av/types.go:1041.27,1047.3 2 0
github.com/opd-ai/toxcore/av/types.go:1049.2,1049.40 1 0
github.com/opd-ai/toxcore/av/types.go:1054.126,1069.16 3 0
github.com/opd-ai/toxcore/av/types.go:1069.16,1078.3 2 0
github.com/opd-ai/toxcore/av/types.go:1080.2,1088.21 2 0
github.com/opd-ai/toxcore/av/types.go:1093.90,1095.23 1 0
github.com/opd-ai/toxcore/av/types.go:1095.23,1102.3 1 0
github.com/opd-ai/toxcore/av/types.go:1102.8,1111.3 1 0
github.com/opd-ai/toxcore/av/types.go:1113.2,1113.12 1 0
github.com/opd-ai/toxcore/av/types.go:1118.53,1122.2 3 2
github.com/opd-ai/toxcore/av/types.go:1126.31,1135.29 4 12
github.com/opd-ai/toxcore/av/types.go:1135.29,1142.3 2 12
github.com/opd-ai/toxcore/av/types.go:1144.2,1144.29 1 12
github.com/opd-ai/toxcore/av/types.go:1144.29,1152.3 3 12
github.com/opd-ai/toxcore/av/types.go:1154.2,1154.25 1 12
github.com/opd-ai/toxcore/av/types.go:1154.25,1161.3 2 0
github.com/opd-ai/toxcore/av/types.go:1163.2,1166.39 1 12
github.com/opd-ai/toxcore/av/rtp/packet.go:38.46,40.2 1 85
github.com/opd-ai/toxcore/av/rtp/packet.go:52.61,54.48 2 63
github.com/opd-ai/toxcore/av/rtp/packet.go:54.48,56.3 1 0
github.com/opd-ai/toxcore/av/rtp/packet.go:57.2,57.48 1 63
github.com/opd-ai/toxcore/av/rtp/packet.go:85.121,87.2 1 6
github.com/opd-ai/toxcore/av/rtp/packet.go:102.164,103.83 1 38
github.com/opd-ai/toxcore/av/rtp/packet.go:103.83,105.3 1 3
github.com/opd-ai/toxcore/av/rtp/packet.go:107.2,111.16 4 35
github.com/opd-ai/toxcore/av/rtp/packet.go:111.16,113.3 1 0
github.com/opd-ai/toxcore/av/rtp/packet.go:115.2,118.24 3 35
github.com/opd-ai/toxcore/av/rtp/packet.go:122.107,123.20 1 38
github.com/opd-ai/toxcore/av/rtp/packet.go:123.20,129.3 2 1
github.com/opd-ai/toxcore/av/rtp/packet.go:130.2,130.22 1 37
github.com/opd-ai/toxcore/av/rtp/packet.go:130.22,136.3 2 1
github.com/opd-ai/toxcore/av/rtp/packet.go:137.2,137.23 1 36
github.com/opd-ai/toxcore/av/rtp/packet.go:137.23,143.3 2 1
github.com/opd-ai/toxcore/av/rtp/packet.go:144.2,144.12 1 35
github.com/opd-ai/toxcore/av/rtp/packet.go:148.75,149.25 1 35
github.com/opd-ai/toxcore/av/rtp/packet.go:149.25,151.3 1 0
github.com/opd-ai/toxcore/av/rtp/packet.go:152.2,152.21 1 35
github.com/opd-ai/toxcore/av/rtp/packet.go:156.67,162.2 1 35
github.com/opd-ai/toxcore/av/rtp/packet.go:165.72,167.16 2 35
github.com/opd-ai/toxcore/av/rtp/packet.go:167.16,173.3 2 0
github.com/opd-ai/toxcore/av/rtp/packet.go:174.2,174.18 1 35
github.com/opd-ai/toxcore/av/rtp/packet.go:178.147,188.2 1 35
github.com/opd-ai/toxcore/av/rtp/packet.go:191.51,197.2 1 35
github.com/opd-ai/toxcore/av/rtp/packet.go:210.89,217.53 2 13
github.com/opd-ai/toxcore/av/rtp/packet.go:217.53,219.3 1 2
github.com/opd-ai/toxcore/av/rtp/packet.go:221.2,225.16 4 11
github.com/opd-ai/toxcore/av/rtp/packet.go:225.16,227.3 1 0
github.com/opd-ai/toxcore/av/rtp/packet.go:229.2,229.50 1 11
github.com/opd-ai/toxcore/av/rtp/packet.go:229.50,231.3 1 0
github.com/opd-ai/toxcore/av/rtp/packet.go:233.2,241.12 3 11
github.com/opd-ai/toxcore/av/rtp/packet.go:245.48,246.25 1 13
github.com/opd-ai/toxcore/av/rtp/packet.go:246.25,252.3 2 2
github.com/opd-ai/toxcore/av/rtp/packet.go:253.2,253.12 1 11
github.com/opd-ai/toxcore/av/rtp/packet.go:257.88,280.16 4 11
github.com/opd-ai/toxcore/av/rtp/packet.go:280.16,286.3 2 0
github.com/opd-ai/toxcore/av/rtp/packet.go:288.2,288.21 1 11
github.com/opd-ai/toxcore/av/rtp/packet.go:292.64,304.68 3 11
github.com/opd-ai/toxcore/av/rtp/packet.go:304.68,310.3 2 0
github.com/opd-ai/toxcore/av/rtp/packet.go:312.2,312.12 1 11
github.com/opd-ai/toxcore/av/rtp/packet.go:316.66,319.2 2 11
github.com/opd-ai/toxcore/av/rtp/packet.go:338.48,353.2 4 34
github.com/opd-ai/toxcore/av/rtp/packet.go:367.84,373.23 2 9
github.com/opd-ai/toxcore/av/rtp/packet.go:373.23,379.3 2 1
github.com/opd-ai/toxcore/av/rtp/packet.go:381.2,382.16 2 8
github.com/opd-ai/toxcore/av/rtp/packet.go:382.16,384.3 1 2
github.com/opd-ai/toxcore/av/rtp/packet.go:386.2,389.57 3 6
github.com/opd-ai/toxcore/av/rtp/packet.go:389.57,391.3 1 1
github.com/opd-ai/toxcore/av/rtp/packet.go:393.2,402.46 4 5
github.com/opd-ai/toxcore/av/rtp/packet.go:406.82,408.50 2 8
github.com/opd-ai/toxcore/av/rtp/packet.go:408.50,414.3 2 2
github.com/opd-ai/toxcore/av/rtp/packet.go:416.2,424.20 2 6
github.com/opd-ai/toxcore/av/rtp/packet.go:428.78,429.17 1 6
github.com/opd-ai/toxcore/av/rtp/packet.go:429.17,437.3 4 5
github.com/opd-ai/toxcore/av/rtp/packet.go:439.2,439.36 1 1
github.com/opd-ai/toxcore/av/rtp/packet.go:439.36,446.3 2 1
github.com/opd-ai/toxcore/av/rtp/packet.go:448.2,448.12 1 0
github.com/opd-ai/toxcore/av/rtp/packet.go:452.67,453.19 1 5
github.com/opd-ai/toxcore/av/rtp/packet.go:453.19,455.43 2 0
github.com/opd-ai/toxcore/av/rtp/packet.go:455.43,461.4 1 0
github.com/opd-ai/toxcore/av/rtp/packet.go:463.2,464.22 2 5
github.com/opd-ai/toxcore/av/rtp/packet.go:475.64,489.2 4 1
github.com/opd-ai/toxcore/av/rtp/packet.go:529.62,531.2 1 39
github.com/opd-ai/toxcore/av/rtp/packet.go:543.105,545.2 1 44
github.com/opd-ai/toxcore/av/rtp/packet.go:556.117,563.25 2 50
github.com/opd-ai/toxcore/av/rtp/packet.go:563.25,565.3 1 3
github.com/opd-ai/toxcore/av/rtp/packet.go:566.2,566.22 1 50
github.com/opd-ai/toxcore/av/rtp/packet.go:566.22,568.3 1 2
github.com/opd-ai/toxcore/av/rtp/packet.go:570.2,584.15 3 50
github.com/opd-ai/toxcore/av/rtp/packet.go:589.58,592.15 3 2
github.com/opd-ai/toxcore/av/rtp/packet.go:592.15,594.3 1 1
github.com/opd-ai/toxcore/av/rtp/packet.go:595.2,595.22 1 2
github.com/opd-ai/toxcore/av/rtp/packet.go:601.54,604.19 3 3
github.com/opd-ai/toxcore/av/rtp/packet.go:604.19,606.3 1 2
github.com/opd-ai/toxcore/av/rtp/packet.go:607.2,609.38 2 3
github.com/opd-ai/toxcore/av/rtp/packet.go:609.38,618.3 3 1
github.com/opd-ai/toxcore/av/rtp/packet.go:622.35,626.2 3 6
github.com/opd-ai/toxcore/av/rtp/packet.go:636.60,652.39 6 34
github.com/opd-ai/toxcore/av/rtp/packet.go:652.39,656.20 3 2
github.com/opd-ai/toxcore/av/rtp/packet.go:656.20,658.4 1 2
github.com/opd-ai/toxcore/av/rtp/packet.go:659.3,663.58 1 2
github.com/opd-ai/toxcore/av/rtp/packet.go:667.2,675.43 4 34
github.com/opd-ai/toxcore/av/rtp/packet.go:680.63,683.19 2 34
github.com/opd-ai/toxcore/av/rtp/packet.go:683.19,685.44 2 23
github.com/opd-ai/toxcore/av/rtp/packet.go:685.44,687.4 1 17
github.com/opd-ai/toxcore/av/rtp/packet.go:687.9,689.4 1 6
github.com/opd-ai/toxcore/av/rtp/packet.go:691.2,691.13 1 34
github.com/opd-ai/toxcore/av/rtp/packet.go:703.46,713.42 5 22
github.com/opd-ai/toxcore/av/rtp/packet.go:713.42,720.3 2 4
github.com/opd-ai/toxcore/av/rtp/packet.go:723.2,723.26 1 18
github.com/opd-ai/toxcore/av/rtp/packet.go:723.26,728.3 2 3
github.com/opd-ai/toxcore/av/rtp/packet.go:731.2,742.25 5 15
github.com/opd-ai/toxcore/av/rtp/packet.go:746.33,762.2 7 3
github.com/opd-ai/toxcore/av/rtp/session.go:38.39,43.2 1 32
github.com/opd-ai/toxcore/av/rtp/session.go:90.108,92.2 1 30
github.com/opd-ai/toxcore/av/rtp/session.go:109.175,110.73 1 33
github.com/opd-ai/toxcore/av/rtp/session.go:110.73,112.3 1 2
github.com/opd-ai/toxcore/av/rtp/session.go:114.2,124.16 5 31
github.com/opd-ai/toxcore/av/rtp/session.go:124.16,126.3 1 0
github.com/opd-ai/toxcore/av/rtp/session.go:128.2,129.16 2 31
github.com/opd-ai/toxcore/av/rtp/session.go:129.16,131.3 1 0
github.com/opd-ai/toxcore/av/rtp/session.go:133.2,142.21 3 31
github.com/opd-ai/toxcore/av/rtp/session.go:146.90,147.22 1 33
github.com/opd-ai/toxcore/av/rtp/session.go:147.22,153.3 2 1
github.com/opd-ai/toxcore/av/rtp/session.go:154.2,154.23 1 32
github.com/opd-ai/toxcore/av/rtp/session.go:154.23,160.3 2 1
github.com/opd-ai/toxcore/av/rtp/session.go:161.2,161.12 1 31
github.com/opd-ai/toxcore/av/rtp/session.go:165.55,166.15 1 31
github.com/opd-ai/toxcore/av/rtp/session.go:166.15,168.3 1 1
github.com/opd-ai/toxcore/av/rtp/session.go:169.2,169.11 1 30
github.com/opd-ai/toxcore/av/rtp/session.go:173.55,174.15 1 31
github.com/opd-ai/toxcore/av/rtp/session.go:174.15,176.3 1 1
github.com/opd-ai/toxcore/av/rtp/session.go:177.2,177.11 1 30
github.com/opd-ai/toxcore/av/rtp/session.go:181.153,183.16 2 31
github.com/opd-ai/toxcore/av/rtp/session.go:183.16,189.3 2 0
github.com/opd-ai/toxcore/av/rtp/session.go:191.2,192.48 2 31
github.com/opd-ai/toxcore/av/rtp/session.go:196.117,198.16 2 31
github.com/opd-ai/toxcore/av/rtp/session.go:198.16,204.3 2 0
github.com/opd-ai/toxcore/av/rtp/session.go:206.2,208.59 3 31
github.com/opd-ai/toxcore/av/rtp/session.go:216.12,236.2 2 31
github.com/opd-ai/toxcore/av/rtp/session.go:240.52,243.15 3 2
github.com/opd-ai/toxcore/av/rtp/session.go:243.15,245.3 1 1
github.com/opd-ai/toxcore/av/rtp/session.go:246.2,246.21 1 2
github.com/opd-ai/toxcore/av/rtp/session.go:250.48,254.2 3 7
github.com/opd-ai/toxcore/av/rtp/session.go:258.54,261.26 3 6
github.com/opd-ai/toxcore/av/rtp/session.go:261.26,263.3 1 2
github.com/opd-ai/toxcore/av/rtp/session.go:264.2,264.30 1 6
github.com/opd-ai/toxcore/av/rtp/session.go:264.30,266.3 1 2
github.com/opd-ai/toxcore/av/rtp/session.go:267.2,267.24 1 6
github.com/opd-ai/toxcore/av/rtp/session.go:282.74,286.30 3 8
github.com/opd-ai/toxcore/av/rtp/session.go:286.30,288.3 1 1
github.com/opd-ai/toxcore/av/rtp/session.go:290.2,291.16 2 7
github.com/opd-ai/toxcore/av/rtp/session.go:291.16,293.3 1 1
github.com/opd-ai/toxcore/av/rtp/session.go:296.2,299.12 3 6
github.com/opd-ai/toxcore/av/rtp/session.go:313.54,317.57 3 7
github.com/opd-ai/toxcore/av/rtp/session.go:317.57,319.3 1 2
github.com/opd-ai/toxcore/av/rtp/session.go:321.2,324.16 3 5
github.com/opd-ai/toxcore/av/rtp/session.go:324.16,326.3 1 0
github.com/opd-ai/toxcore/av/rtp/session.go:328.2,328.58 1 5
github.com/opd-ai/toxcore/av/rtp/session.go:328.58,330.3 1 0
github.com/opd-ai/toxcore/av/rtp/session.go:332.2,335.12 3 5
github.com/opd-ai/toxcore/av/rtp/session.go:339.63,340.30 1 7
github.com/opd-ai/toxcore/av/rtp/session.go:340.30,342.3 1 0
github.com/opd-ai/toxcore/av/rtp/session.go:343.2,343.20 1 7
github.com/opd-ai/toxcore/av/rtp/session.go:343.20,345.3 1 2
github.com/opd-ai/toxcore/av/rtp/session.go:346.2,346.12 1 5
github.com/opd-ai/toxcore/av/rtp/session.go:350.52,353.2 2 5
github.com/opd-ai/toxcore/av/rtp/session.go:356.75,357.39 1 5
github.com/opd-ai/toxcore/av/rtp/session.go:357.39,365.67 3 9
github.com/opd-ai/toxcore/av/rtp/session.go:365.67,367.4 1 0
github.com/opd-ai/toxcore/av/rtp/session.go:369.2,369.12 1 5
github.com/opd-ai/toxcore/av/rtp/session.go:373.79,376.2 2 5
github.com/opd-ai/toxcore/av/rtp/session.go:379.45,381.27 2 5
github.com/opd-ai/toxcore/av/rtp/session.go:381.27,383.3 1 0
github.com/opd-ai/toxcore/av/rtp/session.go:400.72,404.22 3 5
github.com/opd-ai/toxcore/av/rtp/session.go:404.22,406.3 1 1
github.com/opd-ai/toxcore/av/rtp/session.go:408.2,408.32 1 4
github.com/opd-ai/toxcore/av/rtp/session.go:408.32,410.3 1 0
github.com/opd-ai/toxcore/av/rtp/session.go:413.2,414.16 2 4
github.com/opd-ai/toxcore/av/rtp/session.go:414.16,416.3 1 1
github.com/opd-ai/toxcore/av/rtp/session.go:419.2,425.32 3 3
github.com/opd-ai/toxcore/av/rtp/session.go:441.77,445.22 3 7
github.com/opd-ai/toxcore/av/rtp/session.go:445.22,447.3 1 1
github.com/opd-ai/toxcore/av/rtp/session.go:449.2,449.32 1 6
github.com/opd-ai/toxcore/av/rtp/session.go:449.32,451.3 1 0
github.com/opd-ai/toxcore/av/rtp/session.go:454.2,455.16 2 6
github.com/opd-ai/toxcore/av/rtp/session.go:455.16,457.3 1 1
github.com/opd-ai/toxcore/av/rtp/session.go:460.2,461.16 2 5
github.com/opd-ai/toxcore/av/rtp/session.go:461.16,463.3 1 0
github.com/opd-ai/toxcore/av/rtp/session.go:466.2,469.34 2 5
github.com/opd-ai/toxcore/av/rtp/session.go:487.46,492.2 3 12
github.com/opd-ai/toxcore/av/rtp/session.go:497.33,510.2 7 5
github.com/opd-ai/toxcore/av/rtp/session.go:520.53,524.32 3 2
github.com/opd-ai/toxcore/av/rtp/session.go:524.32,526.3 1 1
github.com/opd-ai/toxcore/av/rtp/session.go:528.2,528.47 1 1
github.com/opd-ai/toxcore/av/rtp/session.go:541.61,547.20 3 10
github.com/opd-ai/toxcore/av/rtp/session.go:547.20,549.3 1 0
github.com/opd-ai/toxcore/av/rtp/session.go:550.2,550.22 1 10
github.com/opd-ai/toxcore/av/rtp/session.go:550.22,552.3 1 0
github.com/opd-ai/toxcore/av/rtp/session.go:555.2,556.19 2 10
github.com/opd-ai/toxcore/av/rtp/session.go:556.19,558.3 1 6
[...]
github.com/opd-ai/toxcore/dht/relay_storage.go:184.20,186.3 1 1
github.com/opd-ai/toxcore/dht/relay_storage.go:188.2,197.33 9 1
github.com/opd-ai/toxcore/dht/relay_storage.go:197.33,199.3 1 0
github.com/opd-ai/toxcore/dht/relay_storage.go:201.2,212.8 2 1
github.com/opd-ai/toxcore/dht/relay_storage.go:216.102,218.16 2 0
github.com/opd-ai/toxcore/dht/relay_storage.go:218.16,220.3 1 0
github.com/opd-ai/toxcore/dht/relay_storage.go:222.2,227.54 2 0
github.com/opd-ai/toxcore/dht/relay_storage.go:232.91,234.2 1 0
github.com/opd-ai/toxcore/dht/relay_storage.go:237.125,238.15 1 0
github.com/opd-ai/toxcore/dht/relay_storage.go:238.15,240.3 1 0
github.com/opd-ai/toxcore/dht/relay_storage.go:243.2,244.21 2 0
github.com/opd-ai/toxcore/dht/relay_storage.go:244.21,246.3 1 0
github.com/opd-ai/toxcore/dht/relay_storage.go:249.2,249.42 1 0
github.com/opd-ai/toxcore/dht/relay_storage.go:253.63,254.28 1 2
github.com/opd-ai/toxcore/dht/relay_storage.go:254.28,256.3 1 0
github.com/opd-ai/toxcore/dht/relay_storage.go:257.2,257.46 1 2
github.com/opd-ai/toxcore/dht/relay_storage.go:261.120,263.21 2 0
github.com/opd-ai/toxcore/dht/relay_storage.go:263.21,265.3 1 0
github.com/opd-ai/toxcore/dht/relay_storage.go:267.2,268.16 2 0
github.com/opd-ai/toxcore/dht/relay_storage.go:268.16,270.3 1 0
github.com/opd-ai/toxcore/dht/relay_storage.go:271.2,275.46 3 0
github.com/opd-ai/toxcore/dht/relay_storage.go:279.89,280.28 1 0
github.com/opd-ai/toxcore/dht/relay_storage.go:280.28,282.3 1 0
github.com/opd-ai/toxcore/dht/relay_storage.go:283.2,284.25 2 0
github.com/opd-ai/toxcore/dht/relay_storage.go:288.88,293.29 2 0
github.com/opd-ai/toxcore/dht/relay_storage.go:293.29,294.55 1 0
github.com/opd-ai/toxcore/dht/relay_storage.go:294.55,296.4 1 0
github.com/opd-ai/toxcore/dht/relay_storage.go:301.130,305.9 3 0
github.com/opd-ai/toxcore/dht/relay_storage.go:306.22,307.21 1 0
github.com/opd-ai/toxcore/dht/relay_storage.go:308.17,310.34 1 0
github.com/opd-ai/toxcore/dht/relay_storage.go:315.86,316.28 1 0
github.com/opd-ai/toxcore/dht/relay_storage.go:316.28,318.3 1 0
github.com/opd-ai/toxcore/dht/relay_storage.go:319.2,319.45 1 0
github.com/opd-ai/toxcore/dht/relay_storage.go:319.45,320.26 1 0
github.com/opd-ai/toxcore/dht/relay_storage.go:320.26,323.4 2 0
github.com/opd-ai/toxcore/dht/relay_storage.go:328.57,330.2 1 1
github.com/opd-ai/toxcore/dht/relay_storage.go:333.80,340.2 1 1
github.com/opd-ai/toxcore/dht/relay_storage.go:343.100,344.27 1 0
github.com/opd-ai/toxcore/dht/relay_storage.go:345.37,346.52 1 0
github.com/opd-ai/toxcore/dht/relay_storage.go:347.34,348.49 1 0
github.com/opd-ai/toxcore/dht/relay_storage.go:349.42,350.57 1 0
github.com/opd-ai/toxcore/dht/relay_storage.go:351.10,352.76 1 0
github.com/opd-ai/toxcore/dht/relay_storage.go:357.102,358.67 1 0
github.com/opd-ai/toxcore/dht/relay_storage.go:358.67,360.3 1 0
github.com/opd-ai/toxcore/dht/relay_storage.go:362.2,363.16 2 0
github.com/opd-ai/toxcore/dht/relay_storage.go:363.16,365.3 1 0
github.com/opd-ai/toxcore/dht/relay_storage.go:367.2,368.12 2 0
github.com/opd-ai/toxcore/dht/relay_storage.go:372.99,373.90 1 0
github.com/opd-ai/toxcore/dht/relay_storage.go:373.90,375.3 1 0
github.com/opd-ai/toxcore/dht/relay_storage.go:378.2,384.31 4 0
github.com/opd-ai/toxcore/dht/relay_storage.go:384.31,386.17 2 0
github.com/opd-ai/toxcore/dht/relay_storage.go:386.17,387.12 1 0
github.com/opd-ai/toxcore/dht/relay_storage.go:390.3,393.47 4 0
github.com/opd-ai/toxcore/dht/relay_storage.go:396.2,401.48 2 0
github.com/opd-ai/toxcore/dht/relay_storage.go:405.107,406.26 1 0
github.com/opd-ai/toxcore/dht/relay_storage.go:406.26,408.3 1 0
github.com/opd-ai/toxcore/dht/relay_storage.go:410.2,411.16 2 0
github.com/opd-ai/toxcore/dht/relay_storage.go:411.16,413.3 1 0
github.com/opd-ai/toxcore/dht/relay_storage.go:415.2,417.28 2 0
github.com/opd-ai/toxcore/dht/relay_storage.go:417.28,419.3 1 0
github.com/opd-ai/toxcore/dht/relay_storage.go:421.2,421.12 1 0
github.com/opd-ai/toxcore/dht/relay_storage.go:425.75,429.51 3 0
github.com/opd-ai/toxcore/dht/relay_storage.go:429.51,430.27 1 0
github.com/opd-ai/toxcore/dht/relay_storage.go:430.27,431.9 1 0
github.com/opd-ai/toxcore/dht/relay_storage.go:433.3,436.41 3 0
github.com/opd-ai/toxcore/dht/relay_storage.go:436.41,437.9 1 0
github.com/opd-ai/toxcore/dht/relay_storage.go:440.3,441.17 2 0
github.com/opd-ai/toxcore/dht/relay_storage.go:441.17,443.4 1 0
github.com/opd-ai/toxcore/dht/relay_storage.go:444.3,444.28 1 0
github.com/opd-ai/toxcore/dht/relay_storage.go:446.2,446.22 1 0
github.com/opd-ai/toxcore/dht/routing.go:43.66,44.14 1 103
github.com/opd-ai/toxcore/dht/routing.go:44.14,46.3 1 0
github.com/opd-ai/toxcore/dht/routing.go:47.2,47.18 1 103
github.com/opd-ai/toxcore/dht/routing.go:47.18,49.3 1 0
github.com/opd-ai/toxcore/dht/routing.go:50.2,55.3 1 103
github.com/opd-ai/toxcore/dht/routing.go:60.56,65.13 4 48
github.com/opd-ai/toxcore/dht/routing.go:65.13,68.3 2 43
github.com/opd-ai/toxcore/dht/routing.go:70.2,73.42 2 5
github.com/opd-ai/toxcore/dht/routing.go:73.42,78.3 4 1
github.com/opd-ai/toxcore/dht/routing.go:81.2,87.15 5 4
github.com/opd-ai/toxcore/dht/routing.go:93.63,98.51 3 35
github.com/opd-ai/toxcore/dht/routing.go:98.51,105.3 6 0
github.com/opd-ai/toxcore/dht/routing.go:108.2,108.34 1 35
github.com/opd-ai/toxcore/dht/routing.go:108.34,110.3 1 1
github.com/opd-ai/toxcore/dht/routing.go:113.2,122.30 5 35
github.com/opd-ai/toxcore/dht/routing.go:127.41,129.17 2 1
github.com/opd-ai/toxcore/dht/routing.go:129.17,131.3 1 0
github.com/opd-ai/toxcore/dht/routing.go:132.2,135.16 4 1
github.com/opd-ai/toxcore/dht/routing.go:139.32,144.2 4 435
github.com/opd-ai/toxcore/dht/routing.go:147.54,151.2 3 3
github.com/opd-ai/toxcore/dht/routing.go:154.43,158.2 3 0
github.com/opd-ai/toxcore/dht/routing.go:161.35,165.2 3 5
github.com/opd-ai/toxcore/dht/routing.go:175.39,180.2 1 24072
github.com/opd-ai/toxcore/dht/routing.go:183.45,188.40 3 808
github.com/opd-ai/toxcore/dht/routing.go:188.40,189.53 1 5077
github.com/opd-ai/toxcore/dht/routing.go:189.53,194.4 3 2
github.com/opd-ai/toxcore/dht/routing.go:198.2,198.32 1 806
github.com/opd-ai/toxcore/dht/routing.go:198.32,201.3 2 450
github.com/opd-ai/toxcore/dht/routing.go:204.2,204.40 1 356
github.com/opd-ai/toxcore/dht/routing.go:204.40,205.39 1 3538
github.com/opd-ai/toxcore/dht/routing.go:205.39,208.4 2 1
github.com/opd-ai/toxcore/dht/routing.go:212.2,212.14 1 355
github.com/opd-ai/toxcore/dht/routing.go:216.39,223.2 5 16386
github.com/opd-ai/toxcore/dht/routing.go:247.76,257.27 2 94
github.com/opd-ai/toxcore/dht/routing.go:257.27,259.3 1 24064
github.com/opd-ai/toxcore/dht/routing.go:261.2,261.11 1 94
github.com/opd-ai/toxcore/dht/routing.go:267.90,268.46 1 777
github.com/opd-ai/toxcore/dht/routing.go:268.46,270.3 1 7
github.com/opd-ai/toxcore/dht/routing.go:272.2,278.36 5 770
github.com/opd-ai/toxcore/dht/routing.go:278.36,280.3 1 432
github.com/opd-ai/toxcore/dht/routing.go:282.2,282.14 1 770
github.com/opd-ai/toxcore/dht/routing.go:289.50,290.59 1 656
github.com/opd-ai/toxcore/dht/routing.go:290.59,292.3 1 650
github.com/opd-ai/toxcore/dht/routing.go:304.30,304.53 1 329
github.com/opd-ai/toxcore/dht/routing.go:307.40,310.2 1 449
github.com/opd-ai/toxcore/dht/routing.go:313.35,316.2 2 395
github.com/opd-ai/toxcore/dht/routing.go:319.40,321.9 2 144
github.com/opd-ai/toxcore/dht/routing.go:321.9,325.3 1 0
github.com/opd-ai/toxcore/dht/routing.go:326.2,327.64 2 144
github.com/opd-ai/toxcore/dht/routing.go:331.38,338.2 6 144
github.com/opd-ai/toxcore/dht/routing.go:344.84,345.16 1 44
github.com/opd-ai/toxcore/dht/routing.go:345.16,347.3 1 2
github.com/opd-ai/toxcore/dht/routing.go:350.2,350.27 1 42
github.com/opd-ai/toxcore/dht/routing.go:350.27,351.70 1 42
github.com/opd-ai/toxcore/dht/routing.go:351.70,353.27 1 1
github.com/opd-ai/toxcore/dht/routing.go:353.27,355.5 1 0
github.com/opd-ai/toxcore/dht/routing.go:356.4,356.17 1 1
github.com/opd-ai/toxcore/dht/routing.go:360.2,367.46 6 41
github.com/opd-ai/toxcore/dht/routing.go:367.46,369.3 1 23
github.com/opd-ai/toxcore/dht/routing.go:371.2,371.15 1 41
github.com/opd-ai/toxcore/dht/routing.go:376.91,380.16 3 0
github.com/opd-ai/toxcore/dht/routing.go:380.16,382.3 1 0
github.com/opd-ai/toxcore/dht/routing.go:384.2,386.33 3 0
github.com/opd-ai/toxcore/dht/routing.go:390.71,394.2 3 41
github.com/opd-ai/toxcore/dht/routing.go:401.78,410.22 3 41
github.com/opd-ai/toxcore/dht/routing.go:410.22,412.3 1 1312
github.com/opd-ai/toxcore/dht/routing.go:413.2,419.42 3 41
github.com/opd-ai/toxcore/dht/routing.go:419.42,422.26 3 10433
github.com/opd-ai/toxcore/dht/routing.go:422.26,423.9 1 19
github.com/opd-ai/toxcore/dht/routing.go:425.3,425.14 1 10414
github.com/opd-ai/toxcore/dht/routing.go:425.14,427.4 1 3866
github.com/opd-ai/toxcore/dht/routing.go:428.3,428.15 1 10414
github.com/opd-ai/toxcore/dht/routing.go:428.15,430.4 1 6589
github.com/opd-ai/toxcore/dht/routing.go:433.2,433.10 1 41
github.com/opd-ai/toxcore/dht/routing.go:437.87,439.29 2 10496
github.com/opd-ai/toxcore/dht/routing.go:439.29,441.3 1 281
github.com/opd-ai/toxcore/dht/routing.go:445.75,446.26 1 281
github.com/opd-ai/toxcore/dht/routing.go:446.26,448.3 1 103
github.com/opd-ai/toxcore/dht/routing.go:448.8,450.3 1 178
github.com/opd-ai/toxcore/dht/routing.go:454.66,456.40 2 178
github.com/opd-ai/toxcore/dht/routing.go:456.40,459.3 2 41
github.com/opd-ai/toxcore/dht/routing.go:463.65,467.37 3 41
github.com/opd-ai/toxcore/dht/routing.go:467.37,469.3 1 103
github.com/opd-ai/toxcore/dht/routing.go:471.2,471.15 1 41
github.com/opd-ai/toxcore/dht/routing.go:477.47,482.37 4 3
github.com/opd-ai/toxcore/dht/routing.go:482.37,485.3 2 768
github.com/opd-ai/toxcore/dht/routing.go:486.2,486.17 1 3
github.com/opd-ai/toxcore/dht/routing.go:491.62,496.2 4 770
github.com/opd-ai/toxcore/dht/routing.go:499.44,501.26 1 817
github.com/opd-ai/toxcore/dht/routing.go:501.26,502.23 1 1348
github.com/opd-ai/toxcore/dht/routing.go:502.23,503.12 1 547
github.com/opd-ai/toxcore/dht/routing.go:507.3,508.26 2 801
github.com/opd-ai/toxcore/dht/routing.go:508.26,509.28 1 2329
github.com/opd-ai/toxcore/dht/routing.go:509.28,511.5 1 801
github.com/opd-ai/toxcore/dht/routing.go:515.2,515.12 1 16
github.com/opd-ai/toxcore/dht/routing.go:519.39,520.26 1 787
github.com/opd-ai/toxcore/dht/routing.go:520.26,521.18 1 788
github.com/opd-ai/toxcore/dht/routing.go:521.18,523.4 1 247
github.com/opd-ai/toxcore/dht/routing.go:523.9,523.25 1 541
github.com/opd-ai/toxcore/dht/routing.go:523.25,525.4 1 540
github.com/opd-ai/toxcore/dht/routing.go:527.2,527.14 1 0
github.com/opd-ai/toxcore/dht/routing.go:535.56,539.32 3 2
github.com/opd-ai/toxcore/dht/routing.go:539.32,540.37 1 4
github.com/opd-ai/toxcore/dht/routing.go:540.37,544.22 2 1
github.com/opd-ai/toxcore/dht/routing.go:544.22,546.5 1 1
github.com/opd-ai/toxcore/dht/routing.go:547.4,548.15 2 1
github.com/opd-ai/toxcore/dht/routing.go:552.2,552.14 1 1
github.com/opd-ai/toxcore/dht/routing.go:557.87,558.28 1 1
github.com/opd-ai/toxcore/dht/routing.go:558.28,560.3 1 1
github.com/opd-ai/toxcore/dht/routing.go:565.83,566.51 1 1
github.com/opd-ai/toxcore/dht/routing.go:566.51,569.3 2 1
github.com/opd-ai/toxcore/dht/routing.go:573.69,574.27 1 2
github.com/opd-ai/toxcore/dht/routing.go:574.27,576.3 1 0
github.com/opd-ai/toxcore/dht/routing.go:577.2,577.31 1 2
github.com/opd-ai/toxcore/dht/routing.go:583.44,584.27 1 2
github.com/opd-ai/toxcore/dht/routing.go:584.27,586.3 1 2
github.com/opd-ai/toxcore/dht/skademlia.go:103.48,109.2 1 1
github.com/opd-ai/toxcore/dht/skademlia.go:117.107,118.35 1 12
github.com/opd-ai/toxcore/dht/skademlia.go:118.35,120.3 1 1
github.com/opd-ai/toxcore/dht/skademlia.go:121.2,121.35 1 12
github.com/opd-ai/toxcore/dht/skademlia.go:121.35,123.3 1 0
github.com/opd-ai/toxcore/dht/skademlia.go:125.2,136.6 5 12
github.com/opd-ai/toxcore/dht/skademlia.go:136.6,140.55 3 507016
github.com/opd-ai/toxcore/dht/skademlia.go:140.55,143.9 2 12
github.com/opd-ai/toxcore/dht/skademlia.go:145.3,145.10 1 507004
github.com/opd-ai/toxcore/dht/skademlia.go:149.2,150.16 2 12
github.com/opd-ai/toxcore/dht/skademlia.go:150.16,152.3 1 0
github.com/opd-ai/toxcore/dht/skademlia.go:153.2,155.19 2 12
github.com/opd-ai/toxcore/dht/skademlia.go:160.139,172.15 6 2
github.com/opd-ai/toxcore/dht/skademlia.go:172.15,174.3 1 1
github.com/opd-ai/toxcore/dht/skademlia.go:176.2,177.43 2 1
github.com/opd-ai/toxcore/dht/skademlia.go:181.46,182.35 1 2
github.com/opd-ai/toxcore/dht/skademlia.go:182.35,184.3 1 0
github.com/opd-ai/toxcore/dht/skademlia.go:185.2,185.35 1 2
github.com/opd-ai/toxcore/dht/skademlia.go:185.35,187.3 1 0
github.com/opd-ai/toxcore/dht/skademlia.go:188.2,188.19 1 2
github.com/opd-ai/toxcore/dht/skademlia.go:193.89,197.6 3 2
github.com/opd-ai/toxcore/dht/skademlia.go:197.6,198.52 1 10046
github.com/opd-ai/toxcore/dht/skademlia.go:198.52,200.4 1 1
github.com/opd-ai/toxcore/dht/skademlia.go:202.3,205.55 3 10045
github.com/opd-ai/toxcore/dht/skademlia.go:205.55,207.4 1 1
github.com/opd-ai/toxcore/dht/skademlia.go:208.3,208.10 1 10044
github.com/opd-ai/toxcore/dht/skademlia.go:213.45,214.9 1 3
github.com/opd-ai/toxcore/dht/skademlia.go:215.14,216.14 1 1
github.com/opd-ai/toxcore/dht/skademlia.go:217.10,218.15 1 2
github.com/opd-ai/toxcore/dht/skademlia.go:223.92,225.16 2 1
github.com/opd-ai/toxcore/dht/skademlia.go:225.16,227.3 1 0
github.com/opd-ai/toxcore/dht/skademlia.go:228.2,229.19 2 1
github.com/opd-ai/toxcore/dht/skademlia.go:234.91,235.18 1 16
github.com/opd-ai/toxcore/dht/skademlia.go:235.18,237.3 1 1
github.com/opd-ai/toxcore/dht/skademlia.go:239.2,239.38 1 15
github.com/opd-ai/toxcore/dht/skademlia.go:239.38,241.3 1 1
github.com/opd-ai/toxcore/dht/skademlia.go:244.2,251.43 6 14
github.com/opd-ai/toxcore/dht/skademlia.go:251.43,253.3 1 2
github.com/opd-ai/toxcore/dht/skademlia.go:256.2,257.16 2 12
github.com/opd-ai/toxcore/dht/skademlia.go:257.16,259.3 1 0
github.com/opd-ai/toxcore/dht/skademlia.go:260.2,260.12 1 12
github.com/opd-ai/toxcore/dht/skademlia.go:260.12,262.3 1 0
github.com/opd-ai/toxcore/dht/skademlia.go:264.2,264.12 1 12
github.com/opd-ai/toxcore/dht/skademlia.go:268.105,269.19 1 68
github.com/opd-ai/toxcore/dht/skademlia.go:269.19,271.3 1 0
github.com/opd-ai/toxcore/dht/skademlia.go:273.2,273.18 1 68
github.com/opd-ai/toxcore/dht/skademlia.go:273.18,274.27 1 58
github.com/opd-ai/toxcore/dht/skademlia.go:274.27,276.4 1 4
github.com/opd-ai/toxcore/dht/skademlia.go:277.3,277.13 1 54
github.com/opd-ai/toxcore/dht/skademlia.go:281.2,281.28 1 10
github.com/opd-ai/toxcore/dht/skademlia.go:281.28,283.36 2 1
github.com/opd-ai/toxcore/dht/skademlia.go:283.36,285.4 1 1
github.com/opd-ai/toxcore/dht/skademlia.go:288.2,288.66 1 9
github.com/opd-ai/toxcore/dht/skademlia.go:292.44,294.25 2 517083
github.com/opd-ai/toxcore/dht/skademlia.go:294.25,295.13 1 519184
github.com/opd-ai/toxcore/dht/skademlia.go:295.13,297.12 2 2102
github.com/opd-ai/toxcore/dht/skademlia.go:300.3,300.27 1 517082
github.com/opd-ai/toxcore/dht/skademlia.go:300.27,301.21 1 1017507
github.com/opd-ai/toxcore/dht/skademlia.go:301.21,303.5 1 500425
github.com/opd-ai/toxcore/dht/skademlia.go:303.10,305.5 1 517082
github.com/opd-ai/toxcore/dht/skademlia.go:308.2,308.14 1 1
github.com/opd-ai/toxcore/dht/skademlia.go:313.81,318.2 4 1
github.com/opd-ai/toxcore/dht/skademlia.go:322.121,323.26 1 3
github.com/opd-ai/toxcore/dht/skademlia.go:323.26,325.3 1 0
github.com/opd-ai/toxcore/dht/skademlia.go:326.2,328.42 3 3
github.com/opd-ai/toxcore/dht/skademlia.go:354.45,355.18 1 7
github.com/opd-ai/toxcore/dht/skademlia.go:355.18,357.3 1 0
github.com/opd-ai/toxcore/dht/skademlia.go:358.2,362.3 1 7
github.com/opd-ai/toxcore/dht/skademlia.go:367.60,372.13 4 65
github.com/opd-ai/toxcore/dht/skademlia.go:372.13,374.3 1 61
github.com/opd-ai/toxcore/dht/skademlia.go:377.2,378.44 2 4
github.com/opd-ai/toxcore/dht/skademlia.go:384.67,389.51 3 5
github.com/opd-ai/toxcore/dht/skademlia.go:389.51,393.3 3 0
github.com/opd-ai/toxcore/dht/skademlia.go:396.2,396.34 1 5
github.com/opd-ai/toxcore/dht/skademlia.go:396.34,398.3 1 0
github.com/opd-ai/toxcore/dht/skademlia.go:400.2,405.30 3 5
github.com/opd-ai/toxcore/dht/skademlia.go:410.40,412.17 2 0
github.com/opd-ai/toxcore/dht/skademlia.go:412.17,414.3 1 0
github.com/opd-ai/toxcore/dht/skademlia.go:415.2,418.16 4 0
github.com/opd-ai/toxcore/dht/skademlia.go:422.31,427.2 4 0
github.com/opd-ai/toxcore/dht/skademlia.go:430.34,434.2 3 0
github.com/opd-ai/toxcore/dht/skademlia.go:437.42,441.2 3 5
github.com/opd-ai/toxcore/dht/skademlia.go:464.119,465.19 1 7
github.com/opd-ai/toxcore/dht/skademlia.go:465.19,467.3 1 1
github.com/opd-ai/toxcore/dht/skademlia.go:468.2,472.3 1 7
github.com/opd-ai/toxcore/dht/skademlia.go:476.147,477.19 1 0
github.com/opd-ai/toxcore/dht/skademlia.go:477.19,479.3 1 0
github.com/opd-ai/toxcore/dht/skademlia.go:480.2,484.3 1 0
github.com/opd-ai/toxcore/dht/skademlia.go:488.98,491.24 2 60
github.com/opd-ai/toxcore/dht/skademlia.go:491.24,494.19 2 1
github.com/opd-ai/toxcore/dht/skademlia.go:494.19,496.4 1 1
github.com/opd-ai/toxcore/dht/skademlia.go:497.8,499.3 1 59
github.com/opd-ai/toxcore/dht/skademlia.go:502.2,503.16 2 60
github.com/opd-ai/toxcore/dht/skademlia.go:503.16,505.14 2 1
github.com/opd-ai/toxcore/dht/skademlia.go:506.25,507.55 1 1
github.com/opd-ai/toxcore/dht/skademlia.go:508.72,509.55 1 0
github.com/opd-ai/toxcore/dht/skademlia.go:511.3,511.20 1 1
github.com/opd-ai/toxcore/dht/skademlia.go:515.2,515.40 1 59
github.com/opd-ai/toxcore/dht/skademlia.go:515.40,517.3 1 5
github.com/opd-ai/toxcore/dht/skademlia.go:519.2,520.44 2 59
github.com/opd-ai/toxcore/dht/skademlia.go:524.61,535.2 1 5
github.com/opd-ai/toxcore/dht/skademlia.go:538.53,540.2 1 0
github.com/opd-ai/toxcore/dht/skademlia.go:543.59,545.2 1 0
github.com/opd-ai/toxcore/dht/skademlia.go:548.70,549.19 1 0
github.com/opd-ai/toxcore/dht/skademlia.go:549.19,551.3 1 0
github.com/opd-ai/toxcore/dht/skademlia.go:555.64,557.2 1 0
github.com/opd-ai/toxcore/dht/skademlia.go:562.90,564.32 2 1
github.com/opd-ai/toxcore/dht/skademlia.go:564.32,568.17 3 5
github.com/opd-ai/toxcore/dht/skademlia.go:568.17,570.4 1 3
github.com/opd-ai/toxcore/dht/skademlia.go:570.9,572.4 1 2
github.com/opd-ai/toxcore/dht/skademlia.go:574.2,574.33 1 1
github.com/opd-ai/toxcore/dht/skademlia.go:580.52,582.14 2 6
github.com/opd-ai/toxcore/dht/skademlia.go:582.14,584.3 1 4
github.com/opd-ai/toxcore/dht/skademlia.go:585.2,585.14 1 6
github.com/opd-ai/toxcore/dht/skademlia.go:585.14,587.3 1 4
github.com/opd-ai/toxcore/dht/skademlia.go:589.2,589.19 1 6
github.com/opd-ai/toxcore/dht/skademlia.go:589.19,591.3 1 2
github.com/opd-ai/toxcore/dht/skademlia.go:591.8,591.26 1 4
github.com/opd-ai/toxcore/dht/skademlia.go:591.26,593.3 1 2
github.com/opd-ai/toxcore/dht/skademlia.go:594.2,594.10 1 2
github.com/opd-ai/toxcore/dht/skademlia.go:598.68,599.30 1 4
github.com/opd-ai/toxcore/dht/skademlia.go:599.30,601.3 1 2
github.com/opd-ai/toxcore/dht/skademlia.go:603.2,607.44 4 2
github.com/opd-ai/toxcore/dht/storage_common.go:15.128,16.15 1 0
github.com/opd-ai/toxcore/dht/storage_common.go:16.15,18.3 1 0
github.com/opd-ai/toxcore/dht/storage_common.go:20.2,23.41 3 0
github.com/opd-ai/toxcore/dht/storage_common.go:23.41,25.3 1 0
github.com/opd-ai/toxcore/dht/storage_common.go:27.2,27.12 1 0
github.com/opd-ai/toxcore/dht/storage_common.go:31.57,36.37 4 0
github.com/opd-ai/toxcore/dht/storage_common.go:36.37,38.3 1 0
github.com/opd-ai/toxcore/dht/storage_common.go:39.2,39.14 1 0
github.com/opd-ai/toxcore/dht/storage_common.go:43.106,45.29 2 0
github.com/opd-ai/toxcore/dht/storage_common.go:45.29,46.55 1 0
github.com/opd-ai/toxcore/dht/storage_common.go:46.55,47.12 1 0
github.com/opd-ai/toxcore/dht/storage_common.go:49.3,49.49 1 0
github.com/opd-ai/toxcore/dht/storage_common.go:49.49,51.4 1 0
github.com/opd-ai/toxcore/dht/storage_common.go:53.2,53.21 1 0
github.com/opd-ai/toxcore/dht/storage_common.go:57.109,58.46 1 0
github.com/opd-ai/toxcore/dht/storage_common.go:58.46,60.3 1 0
github.com/opd-ai/toxcore/dht/storage_common.go:61.2,61.13 1 0
